[2.214s] DEBUG:colcon:Command line arguments: ['/usr/bin/colcon', 'build']
[2.215s] DEBUG:colcon:Parsed command line arguments: Namespace(log_base=None, log_level=None, verb_name='build', build_base='build', install_base='install', merge_install=False, symlink_install=False, test_result_base=None, continue_on_error=False, executor='parallel', parallel_workers=4, event_handlers=None, ignore_user_meta=False, metas=['./colcon.meta'], base_paths=['.'], packages_ignore=None, packages_ignore_regex=None, paths=None, packages_up_to=None, packages_up_to_regex=None, packages_above=None, packages_above_and_dependencies=None, packages_above_depth=None, packages_select_by_dep=None, packages_skip_by_dep=None, packages_skip_up_to=None, packages_select_build_failed=False, packages_skip_build_finished=False, packages_select_test_failures=False, packages_skip_test_passed=False, packages_select=None, packages_skip=None, packages_select_regex=None, packages_skip_regex=None, packages_start=None, packages_end=None, allow_overriding=[], cmake_args=None, cmake_target=None, cmake_target_skip_unavailable=False, cmake_clean_cache=False, cmake_clean_first=False, cmake_force_configure=False, ament_cmake_args=None, catkin_cmake_args=None, catkin_skip_building_tests=False, mixin_files=None, mixin=None, verb_parser=<colcon_mixin.mixin.mixin_argument.MixinArgumentDecorator object at 0xffffba8e7350>, verb_extension=<colcon_core.verb.build.BuildVerb object at 0xffffbaa93a40>, main=<bound method BuildVerb.main of <colcon_core.verb.build.BuildVerb object at 0xffffbaa93a40>>, mixin_verb=('build',))
[2.857s] Level 1:colcon.colcon_core.package_discovery:discover_packages(colcon_meta) check parameters
[2.858s] Level 1:colcon.colcon_core.package_discovery:discover_packages(recursive) check parameters
[2.858s] Level 1:colcon.colcon_core.package_discovery:discover_packages(ignore) check parameters
[2.858s] Level 1:colcon.colcon_core.package_discovery:discover_packages(path) check parameters
[2.858s] Level 1:colcon.colcon_core.package_discovery:discover_packages(colcon_meta) discover
[2.859s] Level 1:colcon.colcon_core.package_discovery:discover_packages(recursive) discover
[2.859s] INFO:colcon.colcon_core.package_discovery:Crawling recursively for packages in '/home/charl/ros2_ws/src'
[2.860s] Level 1:colcon.colcon_core.package_identification:_identify(.) by extensions ['ignore', 'ignore_ament_install']
[2.861s] Level 1:colcon.colcon_core.package_identification:_identify(.) by extension 'ignore'
[2.862s] Level 1:colcon.colcon_core.package_identification:_identify(.) by extension 'ignore_ament_install'
[2.862s] Level 1:colcon.colcon_core.package_identification:_identify(.) by extensions ['colcon_pkg']
[2.863s] Level 1:colcon.colcon_core.package_identification:_identify(.) by extension 'colcon_pkg'
[2.863s] Level 1:colcon.colcon_core.package_identification:_identify(.) by extensions ['colcon_meta']
[2.864s] Level 1:colcon.colcon_core.package_identification:_identify(.) by extension 'colcon_meta'
[2.864s] Level 1:colcon.colcon_core.package_identification:_identify(.) by extensions ['ros']
[2.864s] Level 1:colcon.colcon_core.package_identification:_identify(.) by extension 'ros'
[3.249s] Level 1:colcon.colcon_core.package_identification:_identify(.) by extensions ['cmake', 'python']
[3.250s] Level 1:colcon.colcon_core.package_identification:_identify(.) by extension 'cmake'
[3.250s] Level 1:colcon.colcon_core.package_identification:_identify(.) by extension 'python'
[3.251s] Level 1:colcon.colcon_core.package_identification:_identify(.) by extensions ['python_setup_py']
[3.251s] Level 1:colcon.colcon_core.package_identification:_identify(.) by extension 'python_setup_py'
[3.252s] Level 1:colcon.colcon_core.package_identification:_identify(build) by extensions ['ignore', 'ignore_ament_install']
[3.253s] Level 1:colcon.colcon_core.package_identification:_identify(build) by extension 'ignore'
[3.254s] Level 1:colcon.colcon_core.package_identification:_identify(build) ignored
[3.255s] Level 1:colcon.colcon_core.package_identification:_identify(install) by extensions ['ignore', 'ignore_ament_install']
[3.256s] Level 1:colcon.colcon_core.package_identification:_identify(install) by extension 'ignore'
[3.257s] Level 1:colcon.colcon_core.package_identification:_identify(install) ignored
[3.258s] Level 1:colcon.colcon_core.package_identification:_identify(log) by extensions ['ignore', 'ignore_ament_install']
[3.259s] Level 1:colcon.colcon_core.package_identification:_identify(log) by extension 'ignore'
[3.259s] Level 1:colcon.colcon_core.package_identification:_identify(log) ignored
[3.262s] Level 1:colcon.colcon_core.package_identification:_identify(ros2-bmp280) by extensions ['ignore', 'ignore_ament_install']
[3.263s] Level 1:colcon.colcon_core.package_identification:_identify(ros2-bmp280) by extension 'ignore'
[3.263s] Level 1:colcon.colcon_core.package_identification:_identify(ros2-bmp280) by extension 'ignore_ament_install'
[3.264s] Level 1:colcon.colcon_core.package_identification:_identify(ros2-bmp280) by extensions ['colcon_pkg']
[3.264s] Level 1:colcon.colcon_core.package_identification:_identify(ros2-bmp280) by extension 'colcon_pkg'
[3.265s] Level 1:colcon.colcon_core.package_identification:_identify(ros2-bmp280) by extensions ['colcon_meta']
[3.265s] Level 1:colcon.colcon_core.package_identification:_identify(ros2-bmp280) by extension 'colcon_meta'
[3.265s] Level 1:colcon.colcon_core.package_identification:_identify(ros2-bmp280) by extensions ['ros']
[3.266s] Level 1:colcon.colcon_core.package_identification:_identify(ros2-bmp280) by extension 'ros'
[3.309s] DEBUG:colcon.colcon_core.package_identification:Package 'ros2-bmp280' with type 'ros.ament_python' and name 'bmp280'
[3.312s] Level 1:colcon.colcon_core.package_identification:_identify(subscriber) by extensions ['ignore', 'ignore_ament_install']
[3.313s] Level 1:colcon.colcon_core.package_identification:_identify(subscriber) by extension 'ignore'
[3.314s] Level 1:colcon.colcon_core.package_identification:_identify(subscriber) by extension 'ignore_ament_install'
[3.315s] Level 1:colcon.colcon_core.package_identification:_identify(subscriber) by extensions ['colcon_pkg']
[3.315s] Level 1:colcon.colcon_core.package_identification:_identify(subscriber) by extension 'colcon_pkg'
[3.315s] Level 1:colcon.colcon_core.package_identification:_identify(subscriber) by extensions ['colcon_meta']
[3.316s] Level 1:colcon.colcon_core.package_identification:_identify(subscriber) by extension 'colcon_meta'
[3.316s] Level 1:colcon.colcon_core.package_identification:_identify(subscriber) by extensions ['ros']
[3.316s] Level 1:colcon.colcon_core.package_identification:_identify(subscriber) by extension 'ros'
[3.322s] DEBUG:colcon.colcon_core.package_identification:Package 'subscriber' with type 'ros.ament_python' and name 'subscriber'
[3.322s] Level 1:colcon.colcon_core.package_discovery:discover_packages(recursive) using defaults
[3.323s] Level 1:colcon.colcon_core.package_discovery:discover_packages(ignore) discover
[3.323s] Level 1:colcon.colcon_core.package_discovery:discover_packages(ignore) using defaults
[3.324s] Level 1:colcon.colcon_core.package_discovery:discover_packages(path) discover
[3.324s] Level 1:colcon.colcon_core.package_discovery:discover_packages(path) using defaults
[3.664s] Level 1:colcon.colcon_core.package_discovery:discover_packages(prefix_path) check parameters
[3.664s] Level 1:colcon.colcon_core.package_discovery:discover_packages(prefix_path) discover
[3.701s] DEBUG:colcon.colcon_installed_package_information.package_discovery:Found 3 installed packages in /home/charl/ros2_ws/src/install
[3.725s] DEBUG:colcon.colcon_installed_package_information.package_discovery:Found 192 installed packages in /opt/ros/jazzy
[3.733s] Level 1:colcon.colcon_core.package_discovery:discover_packages(prefix_path) using defaults
[4.518s] Level 5:colcon.colcon_core.verb:set package 'bmp280' build argument 'cmake_args' from command line to 'None'
[4.518s] Level 5:colcon.colcon_core.verb:set package 'bmp280' build argument 'cmake_target' from command line to 'None'
[4.519s] Level 5:colcon.colcon_core.verb:set package 'bmp280' build argument 'cmake_target_skip_unavailable' from command line to 'False'
[4.519s] Level 5:colcon.colcon_core.verb:set package 'bmp280' build argument 'cmake_clean_cache' from command line to 'False'
[4.519s] Level 5:colcon.colcon_core.verb:set package 'bmp280' build argument 'cmake_clean_first' from command line to 'False'
[4.519s] Level 5:colcon.colcon_core.verb:set package 'bmp280' build argument 'cmake_force_configure' from command line to 'False'
[4.520s] Level 5:colcon.colcon_core.verb:set package 'bmp280' build argument 'ament_cmake_args' from command line to 'None'
[4.520s] Level 5:colcon.colcon_core.verb:set package 'bmp280' build argument 'catkin_cmake_args' from command line to 'None'
[4.520s] Level 5:colcon.colcon_core.verb:set package 'bmp280' build argument 'catkin_skip_building_tests' from command line to 'False'
[4.520s] DEBUG:colcon.colcon_core.verb:Building package 'bmp280' with the following arguments: {'ament_cmake_args': None, 'build_base': '/home/charl/ros2_ws/src/build/bmp280', 'catkin_cmake_args': None, 'catkin_skip_building_tests': False, 'cmake_args': None, 'cmake_clean_cache': False, 'cmake_clean_first': False, 'cmake_force_configure': False, 'cmake_target': None, 'cmake_target_skip_unavailable': False, 'install_base': '/home/charl/ros2_ws/src/install/bmp280', 'merge_install': False, 'path': '/home/charl/ros2_ws/src/ros2-bmp280', 'symlink_install': False, 'test_result_base': None}
[4.524s] Level 5:colcon.colcon_core.verb:set package 'subscriber' build argument 'cmake_args' from command line to 'None'
[4.524s] Level 5:colcon.colcon_core.verb:set package 'subscriber' build argument 'cmake_target' from command line to 'None'
[4.524s] Level 5:colcon.colcon_core.verb:set package 'subscriber' build argument 'cmake_target_skip_unavailable' from command line to 'False'
[4.525s] Level 5:colcon.colcon_core.verb:set package 'subscriber' build argument 'cmake_clean_cache' from command line to 'False'
[4.525s] Level 5:colcon.colcon_core.verb:set package 'subscriber' build argument 'cmake_clean_first' from command line to 'False'
[4.525s] Level 5:colcon.colcon_core.verb:set package 'subscriber' build argument 'cmake_force_configure' from command line to 'False'
[4.525s] Level 5:colcon.colcon_core.verb:set package 'subscriber' build argument 'ament_cmake_args' from command line to 'None'
[4.526s] Level 5:colcon.colcon_core.verb:set package 'subscriber' build argument 'catkin_cmake_args' from command line to 'None'
[4.526s] Level 5:colcon.colcon_core.verb:set package 'subscriber' build argument 'catkin_skip_building_tests' from command line to 'False'
[4.526s] DEBUG:colcon.colcon_core.verb:Building package 'subscriber' with the following arguments: {'ament_cmake_args': None, 'build_base': '/home/charl/ros2_ws/src/build/subscriber', 'catkin_cmake_args': None, 'catkin_skip_building_tests': False, 'cmake_args': None, 'cmake_clean_cache': False, 'cmake_clean_first': False, 'cmake_force_configure': False, 'cmake_target': None, 'cmake_target_skip_unavailable': False, 'install_base': '/home/charl/ros2_ws/src/install/subscriber', 'merge_install': False, 'path': '/home/charl/ros2_ws/src/subscriber', 'symlink_install': False, 'test_result_base': None}
[4.528s] INFO:colcon.colcon_core.executor:Executing jobs using 'parallel' executor
[4.535s] DEBUG:colcon.colcon_parallel_executor.executor.parallel:run_until_complete
[4.537s] INFO:colcon.colcon_ros.task.ament_python.build:Building ROS package in '/home/charl/ros2_ws/src/ros2-bmp280' with build type 'ament_python'
[4.539s] Level 1:colcon.colcon_core.shell:create_environment_hook('bmp280', 'ament_prefix_path')
[4.577s] INFO:colcon.colcon_core.plugin_system:Skipping extension 'colcon_core.shell.bat': Not used on non-Windows systems
[4.580s] INFO:colcon.colcon_core.shell:Creating environment hook '/home/charl/ros2_ws/src/install/bmp280/share/bmp280/hook/ament_prefix_path.ps1'
[4.590s] INFO:colcon.colcon_core.shell:Creating environment descriptor '/home/charl/ros2_ws/src/install/bmp280/share/bmp280/hook/ament_prefix_path.dsv'
[4.596s] INFO:colcon.colcon_core.shell:Creating environment hook '/home/charl/ros2_ws/src/install/bmp280/share/bmp280/hook/ament_prefix_path.sh'
[4.604s] INFO:colcon.colcon_core.shell:Skip shell extension 'powershell' for command environment: Not usable outside of PowerShell
[4.604s] DEBUG:colcon.colcon_core.shell:Skip shell extension 'dsv' for command environment
[4.647s] INFO:colcon.colcon_ros.task.ament_python.build:Building ROS package in '/home/charl/ros2_ws/src/subscriber' with build type 'ament_python'
[4.649s] Level 1:colcon.colcon_core.shell:create_environment_hook('subscriber', 'ament_prefix_path')
[4.652s] INFO:colcon.colcon_core.shell:Creating environment hook '/home/charl/ros2_ws/src/install/subscriber/share/subscriber/hook/ament_prefix_path.ps1'
[4.660s] INFO:colcon.colcon_core.shell:Creating environment descriptor '/home/charl/ros2_ws/src/install/subscriber/share/subscriber/hook/ament_prefix_path.dsv'
[4.665s] INFO:colcon.colcon_core.shell:Creating environment hook '/home/charl/ros2_ws/src/install/subscriber/share/subscriber/hook/ament_prefix_path.sh'
[4.671s] INFO:colcon.colcon_core.shell:Skip shell extension 'powershell' for command environment: Not usable outside of PowerShell
[4.671s] DEBUG:colcon.colcon_core.shell:Skip shell extension 'dsv' for command environment
[7.484s] INFO:colcon.colcon_core.task.python.build:Building Python package in '/home/charl/ros2_ws/src/ros2-bmp280'
[7.486s] INFO:colcon.colcon_core.shell:Skip shell extension 'powershell' for command environment: Not usable outside of PowerShell
[7.487s] DEBUG:colcon.colcon_core.shell:Skip shell extension 'dsv' for command environment
[9.810s] INFO:colcon.colcon_core.task.python.build:Building Python package in '/home/charl/ros2_ws/src/subscriber'
[9.812s] INFO:colcon.colcon_core.shell:Skip shell extension 'powershell' for command environment: Not usable outside of PowerShell
[9.812s] DEBUG:colcon.colcon_core.shell:Skip shell extension 'dsv' for command environment
[18.729s] DEBUG:colcon.colcon_core.event_handler.log_command:Invoking command in '/home/charl/ros2_ws/src/subscriber': PYTHONPATH=/home/charl/ros2_ws/src/build/subscriber/prefix_override:/usr/lib/python3/dist-packages/colcon_core/task/python/colcon_distutils_commands:/home/charl/ros2_ws/src/install/subscriber/lib/python3.12/site-packages:${PYTHONPATH} /usr/bin/python3 -W ignore:setup.py install is deprecated -W ignore:easy_install command is deprecated setup.py egg_info --egg-base ../build/subscriber build --build-base /home/charl/ros2_ws/src/build/subscriber/build install --record /home/charl/ros2_ws/src/build/subscriber/install.log --single-version-externally-managed install_data
[18.784s] DEBUG:colcon.colcon_core.event_handler.log_command:Invoking command in '/home/charl/ros2_ws/src/ros2-bmp280': PYTHONPATH=/home/charl/ros2_ws/src/build/bmp280/prefix_override:/usr/lib/python3/dist-packages/colcon_core/task/python/colcon_distutils_commands:/home/charl/ros2_ws/src/install/bmp280/lib/python3.12/site-packages:${PYTHONPATH} /usr/bin/python3 -W ignore:setup.py install is deprecated -W ignore:easy_install command is deprecated setup.py egg_info --egg-base ../build/bmp280 build --build-base /home/charl/ros2_ws/src/build/bmp280/build install --record /home/charl/ros2_ws/src/build/bmp280/install.log --single-version-externally-managed install_data
[26.319s] DEBUG:colcon.colcon_core.event_handler.log_command:Invoked command in '/home/charl/ros2_ws/src/ros2-bmp280' returned '0': PYTHONPATH=/home/charl/ros2_ws/src/build/bmp280/prefix_override:/usr/lib/python3/dist-packages/colcon_core/task/python/colcon_distutils_commands:/home/charl/ros2_ws/src/install/bmp280/lib/python3.12/site-packages:${PYTHONPATH} /usr/bin/python3 -W ignore:setup.py install is deprecated -W ignore:easy_install command is deprecated setup.py egg_info --egg-base ../build/bmp280 build --build-base /home/charl/ros2_ws/src/build/bmp280/build install --record /home/charl/ros2_ws/src/build/bmp280/install.log --single-version-externally-managed install_data
[26.372s] Level 1:colcon.colcon_core.environment:checking '/home/charl/ros2_ws/src/install/bmp280' for CMake module files
[26.381s] Level 1:colcon.colcon_core.environment:checking '/home/charl/ros2_ws/src/install/bmp280' for CMake config files
[26.394s] Level 1:colcon.colcon_core.environment:checking '/home/charl/ros2_ws/src/install/bmp280/lib'
[26.397s] Level 1:colcon.colcon_core.environment:checking '/home/charl/ros2_ws/src/install/bmp280/bin'
[26.398s] Level 1:colcon.colcon_core.environment:checking '/home/charl/ros2_ws/src/install/bmp280/lib/pkgconfig/bmp280.pc'
[26.400s] Level 1:colcon.colcon_core.environment:checking '/home/charl/ros2_ws/src/install/bmp280/lib/python3.12/site-packages'
[26.402s] Level 1:colcon.colcon_core.shell:create_environment_hook('bmp280', 'pythonpath')
[26.403s] INFO:colcon.colcon_core.shell:Creating environment hook '/home/charl/ros2_ws/src/install/bmp280/share/bmp280/hook/pythonpath.ps1'
[26.409s] INFO:colcon.colcon_core.shell:Creating environment descriptor '/home/charl/ros2_ws/src/install/bmp280/share/bmp280/hook/pythonpath.dsv'
[26.413s] INFO:colcon.colcon_core.shell:Creating environment hook '/home/charl/ros2_ws/src/install/bmp280/share/bmp280/hook/pythonpath.sh'
[26.420s] Level 1:colcon.colcon_core.environment:checking '/home/charl/ros2_ws/src/install/bmp280/bin'
[26.421s] Level 1:colcon.colcon_core.environment:create_environment_scripts_only(bmp280)
[26.423s] INFO:colcon.colcon_core.shell:Creating package script '/home/charl/ros2_ws/src/install/bmp280/share/bmp280/package.ps1'
[26.434s] INFO:colcon.colcon_core.shell:Creating package descriptor '/home/charl/ros2_ws/src/install/bmp280/share/bmp280/package.dsv'
[26.442s] INFO:colcon.colcon_core.shell:Creating package script '/home/charl/ros2_ws/src/install/bmp280/share/bmp280/package.sh'
[26.451s] INFO:colcon.colcon_core.shell:Creating package script '/home/charl/ros2_ws/src/install/bmp280/share/bmp280/package.bash'
[26.460s] INFO:colcon.colcon_core.shell:Creating package script '/home/charl/ros2_ws/src/install/bmp280/share/bmp280/package.zsh'
[26.468s] Level 1:colcon.colcon_core.environment:create_file_with_runtime_dependencies(/home/charl/ros2_ws/src/install/bmp280/share/colcon-core/packages/bmp280)
[26.473s] Level 1:colcon.colcon_core.environment:checking '/home/charl/ros2_ws/src/install/subscriber' for CMake module files
[26.481s] DEBUG:colcon.colcon_core.event_handler.log_command:Invoked command in '/home/charl/ros2_ws/src/subscriber' returned '0': PYTHONPATH=/home/charl/ros2_ws/src/build/subscriber/prefix_override:/usr/lib/python3/dist-packages/colcon_core/task/python/colcon_distutils_commands:/home/charl/ros2_ws/src/install/subscriber/lib/python3.12/site-packages:${PYTHONPATH} /usr/bin/python3 -W ignore:setup.py install is deprecated -W ignore:easy_install command is deprecated setup.py egg_info --egg-base ../build/subscriber build --build-base /home/charl/ros2_ws/src/build/subscriber/build install --record /home/charl/ros2_ws/src/build/subscriber/install.log --single-version-externally-managed install_data
[26.487s] Level 1:colcon.colcon_core.environment:checking '/home/charl/ros2_ws/src/install/subscriber' for CMake config files
[26.498s] Level 1:colcon.colcon_core.environment:checking '/home/charl/ros2_ws/src/install/subscriber/lib'
[26.499s] Level 1:colcon.colcon_core.environment:checking '/home/charl/ros2_ws/src/install/subscriber/bin'
[26.500s] Level 1:colcon.colcon_core.environment:checking '/home/charl/ros2_ws/src/install/subscriber/lib/pkgconfig/subscriber.pc'
[26.502s] Level 1:colcon.colcon_core.environment:checking '/home/charl/ros2_ws/src/install/subscriber/lib/python3.12/site-packages'
[26.504s] Level 1:colcon.colcon_core.shell:create_environment_hook('subscriber', 'pythonpath')
[26.505s] INFO:colcon.colcon_core.shell:Creating environment hook '/home/charl/ros2_ws/src/install/subscriber/share/subscriber/hook/pythonpath.ps1'
[26.509s] INFO:colcon.colcon_core.shell:Creating environment descriptor '/home/charl/ros2_ws/src/install/subscriber/share/subscriber/hook/pythonpath.dsv'
[26.513s] INFO:colcon.colcon_core.shell:Creating environment hook '/home/charl/ros2_ws/src/install/subscriber/share/subscriber/hook/pythonpath.sh'
[26.519s] Level 1:colcon.colcon_core.environment:checking '/home/charl/ros2_ws/src/install/subscriber/bin'
[26.520s] Level 1:colcon.colcon_core.environment:create_environment_scripts_only(subscriber)
[26.522s] INFO:colcon.colcon_core.shell:Creating package script '/home/charl/ros2_ws/src/install/subscriber/share/subscriber/package.ps1'
[26.528s] INFO:colcon.colcon_core.shell:Creating package descriptor '/home/charl/ros2_ws/src/install/subscriber/share/subscriber/package.dsv'
[26.533s] INFO:colcon.colcon_core.shell:Creating package script '/home/charl/ros2_ws/src/install/subscriber/share/subscriber/package.sh'
[26.538s] INFO:colcon.colcon_core.shell:Creating package script '/home/charl/ros2_ws/src/install/subscriber/share/subscriber/package.bash'
[26.542s] INFO:colcon.colcon_core.shell:Creating package script '/home/charl/ros2_ws/src/install/subscriber/share/subscriber/package.zsh'
[26.545s] Level 1:colcon.colcon_core.environment:create_file_with_runtime_dependencies(/home/charl/ros2_ws/src/install/subscriber/share/colcon-core/packages/subscriber)
[26.547s] DEBUG:colcon.colcon_parallel_executor.executor.parallel:closing loop
[26.551s] DEBUG:colcon.colcon_parallel_executor.executor.parallel:loop closed
[26.553s] DEBUG:colcon.colcon_parallel_executor.executor.parallel:run_until_complete finished with '0'
[26.554s] DEBUG:colcon.colcon_core.event_reactor:joining thread
[26.744s] INFO:colcon.colcon_core.plugin_system:Skipping extension 'colcon_notification.desktop_notification.notify_send': Could not find 'notify-send'
[26.746s] INFO:colcon.colcon_core.plugin_system:Skipping extension 'colcon_notification.desktop_notification.terminal_notifier': Not used on non-Darwin systems
[26.746s] INFO:colcon.colcon_core.plugin_system:Skipping extension 'colcon_notification.desktop_notification.win32': Not used on non-Windows systems
[26.747s] INFO:colcon.colcon_notification.desktop_notification:Sending desktop notification using 'notify2'
[26.782s] DEBUG:colcon.colcon_notification.desktop_notification.notify2:Failed to initialize notify2: org.freedesktop.DBus.Error.ServiceUnknown: The name org.freedesktop.Notifications was not provided by any .service files
[26.783s] DEBUG:colcon.colcon_core.event_reactor:joined thread
[26.785s] INFO:colcon.colcon_core.shell:Creating prefix script '/home/charl/ros2_ws/src/install/local_setup.ps1'
[26.803s] INFO:colcon.colcon_core.shell:Creating prefix util module '/home/charl/ros2_ws/src/install/_local_setup_util_ps1.py'
[26.818s] INFO:colcon.colcon_core.shell:Creating prefix chain script '/home/charl/ros2_ws/src/install/setup.ps1'
[26.828s] INFO:colcon.colcon_core.shell:Creating prefix script '/home/charl/ros2_ws/src/install/local_setup.sh'
[26.835s] INFO:colcon.colcon_core.shell:Creating prefix util module '/home/charl/ros2_ws/src/install/_local_setup_util_sh.py'
[26.841s] INFO:colcon.colcon_core.shell:Creating prefix chain script '/home/charl/ros2_ws/src/install/setup.sh'
[26.862s] INFO:colcon.colcon_core.shell:Creating prefix script '/home/charl/ros2_ws/src/install/local_setup.bash'
[26.871s] INFO:colcon.colcon_core.shell:Creating prefix chain script '/home/charl/ros2_ws/src/install/setup.bash'
[26.881s] INFO:colcon.colcon_core.shell:Creating prefix script '/home/charl/ros2_ws/src/install/local_setup.zsh'
[26.887s] INFO:colcon.colcon_core.shell:Creating prefix chain script '/home/charl/ros2_ws/src/install/setup.zsh'
