[14.325s] Invoking command in '/home/charl/ros2_ws/src/ros2-bmp280': PYTHONPATH=/home/charl/ros2_ws/src/build/bmp280/prefix_override:/usr/lib/python3/dist-packages/colcon_core/task/python/colcon_distutils_commands:/home/charl/ros2_ws/src/install/bmp280/lib/python3.12/site-packages:${PYTHONPATH} /usr/bin/python3 -W ignore:setup.py install is deprecated -W ignore:easy_install command is deprecated setup.py egg_info --egg-base ../build/bmp280 build --build-base /home/charl/ros2_ws/src/build/bmp280/build install --record /home/charl/ros2_ws/src/build/bmp280/install.log --single-version-externally-managed install_data
[17.995s] running egg_info
[18.236s] writing ../build/bmp280/bmp280.egg-info/PKG-INFO
[18.240s] writing dependency_links to ../build/bmp280/bmp280.egg-info/dependency_links.txt
[18.243s] writing entry points to ../build/bmp280/bmp280.egg-info/entry_points.txt
[18.245s] writing requirements to ../build/bmp280/bmp280.egg-info/requires.txt
[18.247s] writing top-level names to ../build/bmp280/bmp280.egg-info/top_level.txt
[18.735s] reading manifest file '../build/bmp280/bmp280.egg-info/SOURCES.txt'
[18.741s] adding license file 'LICENSE'
[18.747s] writing manifest file '../build/bmp280/bmp280.egg-info/SOURCES.txt'
[18.750s] running build
[18.752s] running build_py
[18.759s] running install
[18.842s] running install_lib
[19.091s] running install_data
[19.102s] running install_egg_info
[19.360s] removing '/home/charl/ros2_ws/src/install/bmp280/lib/python3.12/site-packages/bmp280-0.0.0-py3.12.egg-info' (and everything under it)
[19.365s] Copying ../build/bmp280/bmp280.egg-info to /home/charl/ros2_ws/src/install/bmp280/lib/python3.12/site-packages/bmp280-0.0.0-py3.12.egg-info
[19.379s] running install_scripts
[21.378s] Installing bmp280_node script to /home/charl/ros2_ws/src/install/bmp280/lib/bmp280
[21.384s] writing list of installed files to '/home/charl/ros2_ws/src/build/bmp280/install.log'
[21.900s] Invoked command in '/home/charl/ros2_ws/src/ros2-bmp280' returned '0': PYTHONPATH=/home/charl/ros2_ws/src/build/bmp280/prefix_override:/usr/lib/python3/dist-packages/colcon_core/task/python/colcon_distutils_commands:/home/charl/ros2_ws/src/install/bmp280/lib/python3.12/site-packages:${PYTHONPATH} /usr/bin/python3 -W ignore:setup.py install is deprecated -W ignore:easy_install command is deprecated setup.py egg_info --egg-base ../build/bmp280 build --build-base /home/charl/ros2_ws/src/build/bmp280/build install --record /home/charl/ros2_ws/src/build/bmp280/install.log --single-version-externally-managed install_data
