[10.146s] Invoking command in '/home/charl/ros2_ws/src/ros2-bmp280': PYTHONPATH=/home/charl/ros2_ws/src/build/bmp280/prefix_override:/usr/lib/python3/dist-packages/colcon_core/task/python/colcon_distutils_commands:/home/charl/ros2_ws/src/install/bmp280/lib/python3.12/site-packages:${PYTHONPATH} /usr/bin/python3 -W ignore:setup.py install is deprecated -W ignore:easy_install command is deprecated setup.py egg_info --egg-base ../build/bmp280 build --build-base /home/charl/ros2_ws/src/build/bmp280/build install --record /home/charl/ros2_ws/src/build/bmp280/install.log --single-version-externally-managed install_data
[13.399s] running egg_info
[13.603s] writing ../build/bmp280/bmp280.egg-info/PKG-INFO
[13.607s] writing dependency_links to ../build/bmp280/bmp280.egg-info/dependency_links.txt
[13.609s] writing entry points to ../build/bmp280/bmp280.egg-info/entry_points.txt
[13.611s] writing requirements to ../build/bmp280/bmp280.egg-info/requires.txt
[13.613s] writing top-level names to ../build/bmp280/bmp280.egg-info/top_level.txt
[14.030s] reading manifest file '../build/bmp280/bmp280.egg-info/SOURCES.txt'
[14.035s] adding license file 'LICENSE'
[14.041s] writing manifest file '../build/bmp280/bmp280.egg-info/SOURCES.txt'
[14.042s] running build
[14.044s] running build_py
[14.050s] running install
[14.124s] running install_lib
[14.341s] running install_data
[14.353s] running install_egg_info
[14.581s] removing '/home/charl/ros2_ws/src/install/bmp280/lib/python3.12/site-packages/bmp280-0.0.0-py3.12.egg-info' (and everything under it)
[14.585s] Copying ../build/bmp280/bmp280.egg-info to /home/charl/ros2_ws/src/install/bmp280/lib/python3.12/site-packages/bmp280-0.0.0-py3.12.egg-info
[14.600s] running install_scripts
[16.078s] Installing bmp280_node script to /home/charl/ros2_ws/src/install/bmp280/lib/bmp280
[16.084s] writing list of installed files to '/home/charl/ros2_ws/src/build/bmp280/install.log'
[16.403s] Invoked command in '/home/charl/ros2_ws/src/ros2-bmp280' returned '0': PYTHONPATH=/home/charl/ros2_ws/src/build/bmp280/prefix_override:/usr/lib/python3/dist-packages/colcon_core/task/python/colcon_distutils_commands:/home/charl/ros2_ws/src/install/bmp280/lib/python3.12/site-packages:${PYTHONPATH} /usr/bin/python3 -W ignore:setup.py install is deprecated -W ignore:easy_install command is deprecated setup.py egg_info --egg-base ../build/bmp280 build --build-base /home/charl/ros2_ws/src/build/bmp280/build install --record /home/charl/ros2_ws/src/build/bmp280/install.log --single-version-externally-managed install_data
