[14.245s] Invoking command in '/home/charl/ros2_ws/src/ros2-bmp280': PYTHONPATH=/home/charl/ros2_ws/src/build/bmp280/prefix_override:/usr/lib/python3/dist-packages/colcon_core/task/python/colcon_distutils_commands:/home/charl/ros2_ws/src/install/bmp280/lib/python3.12/site-packages:${PYTHONPATH} /usr/bin/python3 -W ignore:setup.py install is deprecated -W ignore:easy_install command is deprecated setup.py egg_info --egg-base ../build/bmp280 build --build-base /home/charl/ros2_ws/src/build/bmp280/build install --record /home/charl/ros2_ws/src/build/bmp280/install.log --single-version-externally-managed install_data
[17.994s] running egg_info
[18.245s] writing ../build/bmp280/bmp280.egg-info/PKG-INFO
[18.251s] writing dependency_links to ../build/bmp280/bmp280.egg-info/dependency_links.txt
[18.255s] writing entry points to ../build/bmp280/bmp280.egg-info/entry_points.txt
[18.260s] writing requirements to ../build/bmp280/bmp280.egg-info/requires.txt
[18.261s] writing top-level names to ../build/bmp280/bmp280.egg-info/top_level.txt
[18.765s] reading manifest file '../build/bmp280/bmp280.egg-info/SOURCES.txt'
[18.769s] adding license file 'LICENSE'
[18.777s] writing manifest file '../build/bmp280/bmp280.egg-info/SOURCES.txt'
[18.782s] running build
[18.783s] running build_py
[18.787s] running install
[18.869s] running install_lib
[19.131s] running install_data
[19.139s] running install_egg_info
[19.404s] removing '/home/charl/ros2_ws/src/install/bmp280/lib/python3.12/site-packages/bmp280-0.0.0-py3.12.egg-info' (and everything under it)
[19.409s] Copying ../build/bmp280/bmp280.egg-info to /home/charl/ros2_ws/src/install/bmp280/lib/python3.12/site-packages/bmp280-0.0.0-py3.12.egg-info
[19.424s] running install_scripts
[21.404s] Installing bmp280_node script to /home/charl/ros2_ws/src/install/bmp280/lib/bmp280
[21.410s] writing list of installed files to '/home/charl/ros2_ws/src/build/bmp280/install.log'
[21.780s] Invoked command in '/home/charl/ros2_ws/src/ros2-bmp280' returned '0': PYTHONPATH=/home/charl/ros2_ws/src/build/bmp280/prefix_override:/usr/lib/python3/dist-packages/colcon_core/task/python/colcon_distutils_commands:/home/charl/ros2_ws/src/install/bmp280/lib/python3.12/site-packages:${PYTHONPATH} /usr/bin/python3 -W ignore:setup.py install is deprecated -W ignore:easy_install command is deprecated setup.py egg_info --egg-base ../build/bmp280 build --build-base /home/charl/ros2_ws/src/build/bmp280/build install --record /home/charl/ros2_ws/src/build/bmp280/install.log --single-version-externally-managed install_data
