[1.576s] DEBUG:colcon:Command line arguments: ['/usr/bin/colcon', 'build']
[1.577s] DEBUG:colcon:Parsed command line arguments: Namespace(log_base=None, log_level=None, verb_name='build', build_base='build', install_base='install', merge_install=False, symlink_install=False, test_result_base=None, continue_on_error=False, executor='parallel', parallel_workers=4, event_handlers=None, ignore_user_meta=False, metas=['./colcon.meta'], base_paths=['.'], packages_ignore=None, packages_ignore_regex=None, paths=None, packages_up_to=None, packages_up_to_regex=None, packages_above=None, packages_above_and_dependencies=None, packages_above_depth=None, packages_select_by_dep=None, packages_skip_by_dep=None, packages_skip_up_to=None, packages_select_build_failed=False, packages_skip_build_finished=False, packages_select_test_failures=False, packages_skip_test_passed=False, packages_select=None, packages_skip=None, packages_select_regex=None, packages_skip_regex=None, packages_start=None, packages_end=None, allow_overriding=[], cmake_args=None, cmake_target=None, cmake_target_skip_unavailable=False, cmake_clean_cache=False, cmake_clean_first=False, cmake_force_configure=False, ament_cmake_args=None, catkin_cmake_args=None, catkin_skip_building_tests=False, mixin_files=None, mixin=None, verb_parser=<colcon_mixin.mixin.mixin_argument.MixinArgumentDecorator object at 0xffff869c6d20>, verb_extension=<colcon_core.verb.build.BuildVerb object at 0xffff86bd3fe0>, main=<bound method BuildVerb.main of <colcon_core.verb.build.BuildVerb object at 0xffff86bd3fe0>>, mixin_verb=('build',))
[2.228s] Level 1:colcon.colcon_core.package_discovery:discover_packages(colcon_meta) check parameters
[2.229s] Level 1:colcon.colcon_core.package_discovery:discover_packages(recursive) check parameters
[2.229s] Level 1:colcon.colcon_core.package_discovery:discover_packages(ignore) check parameters
[2.230s] Level 1:colcon.colcon_core.package_discovery:discover_packages(path) check parameters
[2.230s] Level 1:colcon.colcon_core.package_discovery:discover_packages(colcon_meta) discover
[2.231s] Level 1:colcon.colcon_core.package_discovery:discover_packages(recursive) discover
[2.231s] INFO:colcon.colcon_core.package_discovery:Crawling recursively for packages in '/home/charl/ros2_ws/src'
[2.232s] Level 1:colcon.colcon_core.package_identification:_identify(.) by extensions ['ignore', 'ignore_ament_install']
[2.233s] Level 1:colcon.colcon_core.package_identification:_identify(.) by extension 'ignore'
[2.233s] Level 1:colcon.colcon_core.package_identification:_identify(.) by extension 'ignore_ament_install'
[2.234s] Level 1:colcon.colcon_core.package_identification:_identify(.) by extensions ['colcon_pkg']
[2.235s] Level 1:colcon.colcon_core.package_identification:_identify(.) by extension 'colcon_pkg'
[2.235s] Level 1:colcon.colcon_core.package_identification:_identify(.) by extensions ['colcon_meta']
[2.235s] Level 1:colcon.colcon_core.package_identification:_identify(.) by extension 'colcon_meta'
[2.236s] Level 1:colcon.colcon_core.package_identification:_identify(.) by extensions ['ros']
[2.236s] Level 1:colcon.colcon_core.package_identification:_identify(.) by extension 'ros'
[2.599s] Level 1:colcon.colcon_core.package_identification:_identify(.) by extensions ['cmake', 'python']
[2.600s] Level 1:colcon.colcon_core.package_identification:_identify(.) by extension 'cmake'
[2.601s] Level 1:colcon.colcon_core.package_identification:_identify(.) by extension 'python'
[2.601s] Level 1:colcon.colcon_core.package_identification:_identify(.) by extensions ['python_setup_py']
[2.601s] Level 1:colcon.colcon_core.package_identification:_identify(.) by extension 'python_setup_py'
[2.602s] Level 1:colcon.colcon_core.package_identification:_identify(build) by extensions ['ignore', 'ignore_ament_install']
[2.603s] Level 1:colcon.colcon_core.package_identification:_identify(build) by extension 'ignore'
[2.604s] Level 1:colcon.colcon_core.package_identification:_identify(build) ignored
[2.605s] Level 1:colcon.colcon_core.package_identification:_identify(install) by extensions ['ignore', 'ignore_ament_install']
[2.606s] Level 1:colcon.colcon_core.package_identification:_identify(install) by extension 'ignore'
[2.606s] Level 1:colcon.colcon_core.package_identification:_identify(install) ignored
[2.607s] Level 1:colcon.colcon_core.package_identification:_identify(log) by extensions ['ignore', 'ignore_ament_install']
[2.608s] Level 1:colcon.colcon_core.package_identification:_identify(log) by extension 'ignore'
[2.608s] Level 1:colcon.colcon_core.package_identification:_identify(log) ignored
[2.610s] Level 1:colcon.colcon_core.package_identification:_identify(ros2-bmp280) by extensions ['ignore', 'ignore_ament_install']
[2.610s] Level 1:colcon.colcon_core.package_identification:_identify(ros2-bmp280) by extension 'ignore'
[2.611s] Level 1:colcon.colcon_core.package_identification:_identify(ros2-bmp280) by extension 'ignore_ament_install'
[2.612s] Level 1:colcon.colcon_core.package_identification:_identify(ros2-bmp280) by extensions ['colcon_pkg']
[2.612s] Level 1:colcon.colcon_core.package_identification:_identify(ros2-bmp280) by extension 'colcon_pkg'
[2.612s] Level 1:colcon.colcon_core.package_identification:_identify(ros2-bmp280) by extensions ['colcon_meta']
[2.613s] Level 1:colcon.colcon_core.package_identification:_identify(ros2-bmp280) by extension 'colcon_meta'
[2.613s] Level 1:colcon.colcon_core.package_identification:_identify(ros2-bmp280) by extensions ['ros']
[2.613s] Level 1:colcon.colcon_core.package_identification:_identify(ros2-bmp280) by extension 'ros'
[2.642s] DEBUG:colcon.colcon_core.package_identification:Package 'ros2-bmp280' with type 'ros.ament_python' and name 'bmp280'
[2.642s] Level 1:colcon.colcon_core.package_discovery:discover_packages(recursive) using defaults
[2.643s] Level 1:colcon.colcon_core.package_discovery:discover_packages(ignore) discover
[2.643s] Level 1:colcon.colcon_core.package_discovery:discover_packages(ignore) using defaults
[2.643s] Level 1:colcon.colcon_core.package_discovery:discover_packages(path) discover
[2.644s] Level 1:colcon.colcon_core.package_discovery:discover_packages(path) using defaults
[2.869s] Level 1:colcon.colcon_core.package_discovery:discover_packages(prefix_path) check parameters
[2.869s] Level 1:colcon.colcon_core.package_discovery:discover_packages(prefix_path) discover
[2.912s] DEBUG:colcon.colcon_installed_package_information.package_discovery:Found 192 installed packages in /opt/ros/jazzy
[2.919s] Level 1:colcon.colcon_core.package_discovery:discover_packages(prefix_path) using defaults
[3.306s] Level 5:colcon.colcon_core.verb:set package 'bmp280' build argument 'cmake_args' from command line to 'None'
[3.306s] Level 5:colcon.colcon_core.verb:set package 'bmp280' build argument 'cmake_target' from command line to 'None'
[3.306s] Level 5:colcon.colcon_core.verb:set package 'bmp280' build argument 'cmake_target_skip_unavailable' from command line to 'False'
[3.307s] Level 5:colcon.colcon_core.verb:set package 'bmp280' build argument 'cmake_clean_cache' from command line to 'False'
[3.307s] Level 5:colcon.colcon_core.verb:set package 'bmp280' build argument 'cmake_clean_first' from command line to 'False'
[3.307s] Level 5:colcon.colcon_core.verb:set package 'bmp280' build argument 'cmake_force_configure' from command line to 'False'
[3.307s] Level 5:colcon.colcon_core.verb:set package 'bmp280' build argument 'ament_cmake_args' from command line to 'None'
[3.308s] Level 5:colcon.colcon_core.verb:set package 'bmp280' build argument 'catkin_cmake_args' from command line to 'None'
[3.308s] Level 5:colcon.colcon_core.verb:set package 'bmp280' build argument 'catkin_skip_building_tests' from command line to 'False'
[3.308s] DEBUG:colcon.colcon_core.verb:Building package 'bmp280' with the following arguments: {'ament_cmake_args': None, 'build_base': '/home/charl/ros2_ws/src/build/bmp280', 'catkin_cmake_args': None, 'catkin_skip_building_tests': False, 'cmake_args': None, 'cmake_clean_cache': False, 'cmake_clean_first': False, 'cmake_force_configure': False, 'cmake_target': None, 'cmake_target_skip_unavailable': False, 'install_base': '/home/charl/ros2_ws/src/install/bmp280', 'merge_install': False, 'path': '/home/charl/ros2_ws/src/ros2-bmp280', 'symlink_install': False, 'test_result_base': None}
[3.309s] INFO:colcon.colcon_core.executor:Executing jobs using 'parallel' executor
[3.316s] DEBUG:colcon.colcon_parallel_executor.executor.parallel:run_until_complete
[3.318s] INFO:colcon.colcon_ros.task.ament_python.build:Building ROS package in '/home/charl/ros2_ws/src/ros2-bmp280' with build type 'ament_python'
[3.320s] Level 1:colcon.colcon_core.shell:create_environment_hook('bmp280', 'ament_prefix_path')
[3.356s] INFO:colcon.colcon_core.plugin_system:Skipping extension 'colcon_core.shell.bat': Not used on non-Windows systems
[3.358s] INFO:colcon.colcon_core.shell:Creating environment hook '/home/charl/ros2_ws/src/install/bmp280/share/bmp280/hook/ament_prefix_path.ps1'
[3.368s] INFO:colcon.colcon_core.shell:Creating environment descriptor '/home/charl/ros2_ws/src/install/bmp280/share/bmp280/hook/ament_prefix_path.dsv'
[3.374s] INFO:colcon.colcon_core.shell:Creating environment hook '/home/charl/ros2_ws/src/install/bmp280/share/bmp280/hook/ament_prefix_path.sh'
[3.382s] INFO:colcon.colcon_core.shell:Skip shell extension 'powershell' for command environment: Not usable outside of PowerShell
[3.382s] DEBUG:colcon.colcon_core.shell:Skip shell extension 'dsv' for command environment
[5.671s] INFO:colcon.colcon_core.task.python.build:Building Python package in '/home/charl/ros2_ws/src/ros2-bmp280'
[5.673s] INFO:colcon.colcon_core.shell:Skip shell extension 'powershell' for command environment: Not usable outside of PowerShell
[5.673s] DEBUG:colcon.colcon_core.shell:Skip shell extension 'dsv' for command environment
[13.137s] DEBUG:colcon.colcon_core.event_handler.log_command:Invoking command in '/home/charl/ros2_ws/src/ros2-bmp280': PS1=\[\e]0;\u@\h: \w\a\]${debian_chroot:+($debian_chroot)}\[\033[01;32m\]\u@\h\[\033[00m\]:\[\033[01;34m\]\w\[\033[00m\]\$ PYTHONPATH=/home/charl/ros2_ws/src/build/bmp280/prefix_override:/usr/lib/python3/dist-packages/colcon_core/task/python/colcon_distutils_commands:/home/charl/ros2_ws/src/install/bmp280/lib/python3.12/site-packages:${PYTHONPATH} /usr/bin/python3 -W ignore:setup.py install is deprecated -W ignore:easy_install command is deprecated setup.py egg_info --egg-base ../build/bmp280 build --build-base /home/charl/ros2_ws/src/build/bmp280/build install --record /home/charl/ros2_ws/src/build/bmp280/install.log --single-version-externally-managed install_data
[18.999s] DEBUG:colcon.colcon_core.event_handler.log_command:Invoked command in '/home/charl/ros2_ws/src/ros2-bmp280' returned '0': PS1=\[\e]0;\u@\h: \w\a\]${debian_chroot:+($debian_chroot)}\[\033[01;32m\]\u@\h\[\033[00m\]:\[\033[01;34m\]\w\[\033[00m\]\$ PYTHONPATH=/home/charl/ros2_ws/src/build/bmp280/prefix_override:/usr/lib/python3/dist-packages/colcon_core/task/python/colcon_distutils_commands:/home/charl/ros2_ws/src/install/bmp280/lib/python3.12/site-packages:${PYTHONPATH} /usr/bin/python3 -W ignore:setup.py install is deprecated -W ignore:easy_install command is deprecated setup.py egg_info --egg-base ../build/bmp280 build --build-base /home/charl/ros2_ws/src/build/bmp280/build install --record /home/charl/ros2_ws/src/build/bmp280/install.log --single-version-externally-managed install_data
[19.043s] Level 1:colcon.colcon_core.environment:checking '/home/charl/ros2_ws/src/install/bmp280' for CMake module files
[19.050s] Level 1:colcon.colcon_core.environment:checking '/home/charl/ros2_ws/src/install/bmp280' for CMake config files
[19.058s] Level 1:colcon.colcon_core.environment:checking '/home/charl/ros2_ws/src/install/bmp280/lib'
[19.060s] Level 1:colcon.colcon_core.environment:checking '/home/charl/ros2_ws/src/install/bmp280/bin'
[19.061s] Level 1:colcon.colcon_core.environment:checking '/home/charl/ros2_ws/src/install/bmp280/lib/pkgconfig/bmp280.pc'
[19.063s] Level 1:colcon.colcon_core.environment:checking '/home/charl/ros2_ws/src/install/bmp280/lib/python3.12/site-packages'
[19.064s] Level 1:colcon.colcon_core.shell:create_environment_hook('bmp280', 'pythonpath')
[19.066s] INFO:colcon.colcon_core.shell:Creating environment hook '/home/charl/ros2_ws/src/install/bmp280/share/bmp280/hook/pythonpath.ps1'
[19.069s] INFO:colcon.colcon_core.shell:Creating environment descriptor '/home/charl/ros2_ws/src/install/bmp280/share/bmp280/hook/pythonpath.dsv'
[19.073s] INFO:colcon.colcon_core.shell:Creating environment hook '/home/charl/ros2_ws/src/install/bmp280/share/bmp280/hook/pythonpath.sh'
[19.078s] Level 1:colcon.colcon_core.environment:checking '/home/charl/ros2_ws/src/install/bmp280/bin'
[19.079s] Level 1:colcon.colcon_core.environment:create_environment_scripts_only(bmp280)
[19.081s] INFO:colcon.colcon_core.shell:Creating package script '/home/charl/ros2_ws/src/install/bmp280/share/bmp280/package.ps1'
[19.090s] INFO:colcon.colcon_core.shell:Creating package descriptor '/home/charl/ros2_ws/src/install/bmp280/share/bmp280/package.dsv'
[19.096s] INFO:colcon.colcon_core.shell:Creating package script '/home/charl/ros2_ws/src/install/bmp280/share/bmp280/package.sh'
[19.106s] INFO:colcon.colcon_core.shell:Creating package script '/home/charl/ros2_ws/src/install/bmp280/share/bmp280/package.bash'
[19.117s] INFO:colcon.colcon_core.shell:Creating package script '/home/charl/ros2_ws/src/install/bmp280/share/bmp280/package.zsh'
[19.125s] Level 1:colcon.colcon_core.environment:create_file_with_runtime_dependencies(/home/charl/ros2_ws/src/install/bmp280/share/colcon-core/packages/bmp280)
[19.129s] DEBUG:colcon.colcon_parallel_executor.executor.parallel:closing loop
[19.133s] DEBUG:colcon.colcon_parallel_executor.executor.parallel:loop closed
[19.134s] DEBUG:colcon.colcon_parallel_executor.executor.parallel:run_until_complete finished with '0'
[19.135s] DEBUG:colcon.colcon_core.event_reactor:joining thread
[19.242s] INFO:colcon.colcon_core.plugin_system:Skipping extension 'colcon_notification.desktop_notification.notify_send': Could not find 'notify-send'
[19.243s] INFO:colcon.colcon_core.plugin_system:Skipping extension 'colcon_notification.desktop_notification.terminal_notifier': Not used on non-Darwin systems
[19.243s] INFO:colcon.colcon_core.plugin_system:Skipping extension 'colcon_notification.desktop_notification.win32': Not used on non-Windows systems
[19.244s] INFO:colcon.colcon_notification.desktop_notification:Sending desktop notification using 'notify2'
[19.554s] DEBUG:colcon.colcon_notification.desktop_notification.notify2:Failed to initialize notify2: org.freedesktop.DBus.Error.ServiceUnknown: The name org.freedesktop.Notifications was not provided by any .service files
[19.555s] DEBUG:colcon.colcon_core.event_reactor:joined thread
[19.557s] INFO:colcon.colcon_core.shell:Creating prefix script '/home/charl/ros2_ws/src/install/local_setup.ps1'
[19.567s] INFO:colcon.colcon_core.shell:Creating prefix util module '/home/charl/ros2_ws/src/install/_local_setup_util_ps1.py'
[19.582s] INFO:colcon.colcon_core.shell:Creating prefix chain script '/home/charl/ros2_ws/src/install/setup.ps1'
[19.590s] INFO:colcon.colcon_core.shell:Creating prefix script '/home/charl/ros2_ws/src/install/local_setup.sh'
[19.597s] INFO:colcon.colcon_core.shell:Creating prefix util module '/home/charl/ros2_ws/src/install/_local_setup_util_sh.py'
[19.603s] INFO:colcon.colcon_core.shell:Creating prefix chain script '/home/charl/ros2_ws/src/install/setup.sh'
[19.612s] INFO:colcon.colcon_core.shell:Creating prefix script '/home/charl/ros2_ws/src/install/local_setup.bash'
[19.618s] INFO:colcon.colcon_core.shell:Creating prefix chain script '/home/charl/ros2_ws/src/install/setup.bash'
[19.627s] INFO:colcon.colcon_core.shell:Creating prefix script '/home/charl/ros2_ws/src/install/local_setup.zsh'
[19.635s] INFO:colcon.colcon_core.shell:Creating prefix chain script '/home/charl/ros2_ws/src/install/setup.zsh'
