[1.437s] DEBUG:colcon:Command line arguments: ['/usr/bin/colcon', 'build']
[1.438s] DEBUG:colcon:Parsed command line arguments: Namespace(log_base=None, log_level=None, verb_name='build', build_base='build', install_base='install', merge_install=False, symlink_install=False, test_result_base=None, continue_on_error=False, executor='parallel', parallel_workers=4, event_handlers=None, ignore_user_meta=False, metas=['./colcon.meta'], base_paths=['.'], packages_ignore=None, packages_ignore_regex=None, paths=None, packages_up_to=None, packages_up_to_regex=None, packages_above=None, packages_above_and_dependencies=None, packages_above_depth=None, packages_select_by_dep=None, packages_skip_by_dep=None, packages_skip_up_to=None, packages_select_build_failed=False, packages_skip_build_finished=False, packages_select_test_failures=False, packages_skip_test_passed=False, packages_select=None, packages_skip=None, packages_select_regex=None, packages_skip_regex=None, packages_start=None, packages_end=None, allow_overriding=[], cmake_args=None, cmake_target=None, cmake_target_skip_unavailable=False, cmake_clean_cache=False, cmake_clean_first=False, cmake_force_configure=False, ament_cmake_args=None, catkin_cmake_args=None, catkin_skip_building_tests=False, mixin_files=None, mixin=None, verb_parser=<colcon_mixin.mixin.mixin_argument.MixinArgumentDecorator object at 0xffff98a7b650>, verb_extension=<colcon_core.verb.build.BuildVerb object at 0xffff98c33c80>, main=<bound method BuildVerb.main of <colcon_core.verb.build.BuildVerb object at 0xffff98c33c80>>, mixin_verb=('build',))
[1.884s] Level 1:colcon.colcon_core.package_discovery:discover_packages(colcon_meta) check parameters
[1.885s] Level 1:colcon.colcon_core.package_discovery:discover_packages(recursive) check parameters
[1.885s] Level 1:colcon.colcon_core.package_discovery:discover_packages(ignore) check parameters
[1.885s] Level 1:colcon.colcon_core.package_discovery:discover_packages(path) check parameters
[1.886s] Level 1:colcon.colcon_core.package_discovery:discover_packages(colcon_meta) discover
[1.886s] Level 1:colcon.colcon_core.package_discovery:discover_packages(recursive) discover
[1.886s] INFO:colcon.colcon_core.package_discovery:Crawling recursively for packages in '/home/charl/ros2_ws/src'
[1.887s] Level 1:colcon.colcon_core.package_identification:_identify(.) by extensions ['ignore', 'ignore_ament_install']
[1.888s] Level 1:colcon.colcon_core.package_identification:_identify(.) by extension 'ignore'
[1.889s] Level 1:colcon.colcon_core.package_identification:_identify(.) by extension 'ignore_ament_install'
[1.890s] Level 1:colcon.colcon_core.package_identification:_identify(.) by extensions ['colcon_pkg']
[1.891s] Level 1:colcon.colcon_core.package_identification:_identify(.) by extension 'colcon_pkg'
[1.891s] Level 1:colcon.colcon_core.package_identification:_identify(.) by extensions ['colcon_meta']
[1.892s] Level 1:colcon.colcon_core.package_identification:_identify(.) by extension 'colcon_meta'
[1.892s] Level 1:colcon.colcon_core.package_identification:_identify(.) by extensions ['ros']
[1.892s] Level 1:colcon.colcon_core.package_identification:_identify(.) by extension 'ros'
[2.168s] Level 1:colcon.colcon_core.package_identification:_identify(.) by extensions ['cmake', 'python']
[2.168s] Level 1:colcon.colcon_core.package_identification:_identify(.) by extension 'cmake'
[2.169s] Level 1:colcon.colcon_core.package_identification:_identify(.) by extension 'python'
[2.169s] Level 1:colcon.colcon_core.package_identification:_identify(.) by extensions ['python_setup_py']
[2.169s] Level 1:colcon.colcon_core.package_identification:_identify(.) by extension 'python_setup_py'
[2.171s] Level 1:colcon.colcon_core.package_identification:_identify(build) by extensions ['ignore', 'ignore_ament_install']
[2.171s] Level 1:colcon.colcon_core.package_identification:_identify(build) by extension 'ignore'
[2.172s] Level 1:colcon.colcon_core.package_identification:_identify(build) ignored
[2.173s] Level 1:colcon.colcon_core.package_identification:_identify(install) by extensions ['ignore', 'ignore_ament_install']
[2.174s] Level 1:colcon.colcon_core.package_identification:_identify(install) by extension 'ignore'
[2.175s] Level 1:colcon.colcon_core.package_identification:_identify(install) ignored
[2.176s] Level 1:colcon.colcon_core.package_identification:_identify(log) by extensions ['ignore', 'ignore_ament_install']
[2.177s] Level 1:colcon.colcon_core.package_identification:_identify(log) by extension 'ignore'
[2.177s] Level 1:colcon.colcon_core.package_identification:_identify(log) ignored
[2.178s] Level 1:colcon.colcon_core.package_identification:_identify(ros2-bmp280) by extensions ['ignore', 'ignore_ament_install']
[2.179s] Level 1:colcon.colcon_core.package_identification:_identify(ros2-bmp280) by extension 'ignore'
[2.179s] Level 1:colcon.colcon_core.package_identification:_identify(ros2-bmp280) by extension 'ignore_ament_install'
[2.180s] Level 1:colcon.colcon_core.package_identification:_identify(ros2-bmp280) by extensions ['colcon_pkg']
[2.180s] Level 1:colcon.colcon_core.package_identification:_identify(ros2-bmp280) by extension 'colcon_pkg'
[2.181s] Level 1:colcon.colcon_core.package_identification:_identify(ros2-bmp280) by extensions ['colcon_meta']
[2.181s] Level 1:colcon.colcon_core.package_identification:_identify(ros2-bmp280) by extension 'colcon_meta'
[2.181s] Level 1:colcon.colcon_core.package_identification:_identify(ros2-bmp280) by extensions ['ros']
[2.182s] Level 1:colcon.colcon_core.package_identification:_identify(ros2-bmp280) by extension 'ros'
[2.210s] DEBUG:colcon.colcon_core.package_identification:Package 'ros2-bmp280' with type 'ros.ament_python' and name 'bmp280'
[2.212s] Level 1:colcon.colcon_core.package_identification:_identify(subscriber) by extensions ['ignore', 'ignore_ament_install']
[2.212s] Level 1:colcon.colcon_core.package_identification:_identify(subscriber) by extension 'ignore'
[2.213s] Level 1:colcon.colcon_core.package_identification:_identify(subscriber) by extension 'ignore_ament_install'
[2.214s] Level 1:colcon.colcon_core.package_identification:_identify(subscriber) by extensions ['colcon_pkg']
[2.215s] Level 1:colcon.colcon_core.package_identification:_identify(subscriber) by extension 'colcon_pkg'
[2.215s] Level 1:colcon.colcon_core.package_identification:_identify(subscriber) by extensions ['colcon_meta']
[2.215s] Level 1:colcon.colcon_core.package_identification:_identify(subscriber) by extension 'colcon_meta'
[2.216s] Level 1:colcon.colcon_core.package_identification:_identify(subscriber) by extensions ['ros']
[2.216s] Level 1:colcon.colcon_core.package_identification:_identify(subscriber) by extension 'ros'
[2.220s] DEBUG:colcon.colcon_core.package_identification:Package 'subscriber' with type 'ros.ament_python' and name 'subscriber'
[2.221s] Level 1:colcon.colcon_core.package_discovery:discover_packages(recursive) using defaults
[2.221s] Level 1:colcon.colcon_core.package_discovery:discover_packages(ignore) discover
[2.221s] Level 1:colcon.colcon_core.package_discovery:discover_packages(ignore) using defaults
[2.222s] Level 1:colcon.colcon_core.package_discovery:discover_packages(path) discover
[2.222s] Level 1:colcon.colcon_core.package_discovery:discover_packages(path) using defaults
[2.445s] Level 1:colcon.colcon_core.package_discovery:discover_packages(prefix_path) check parameters
[2.445s] Level 1:colcon.colcon_core.package_discovery:discover_packages(prefix_path) discover
[2.470s] DEBUG:colcon.colcon_installed_package_information.package_discovery:Found 2 installed packages in /home/charl/ros2_ws/src/install
[2.492s] DEBUG:colcon.colcon_installed_package_information.package_discovery:Found 192 installed packages in /opt/ros/jazzy
[2.500s] Level 1:colcon.colcon_core.package_discovery:discover_packages(prefix_path) using defaults
[3.030s] Level 5:colcon.colcon_core.verb:set package 'bmp280' build argument 'cmake_args' from command line to 'None'
[3.030s] Level 5:colcon.colcon_core.verb:set package 'bmp280' build argument 'cmake_target' from command line to 'None'
[3.031s] Level 5:colcon.colcon_core.verb:set package 'bmp280' build argument 'cmake_target_skip_unavailable' from command line to 'False'
[3.031s] Level 5:colcon.colcon_core.verb:set package 'bmp280' build argument 'cmake_clean_cache' from command line to 'False'
[3.031s] Level 5:colcon.colcon_core.verb:set package 'bmp280' build argument 'cmake_clean_first' from command line to 'False'
[3.031s] Level 5:colcon.colcon_core.verb:set package 'bmp280' build argument 'cmake_force_configure' from command line to 'False'
[3.032s] Level 5:colcon.colcon_core.verb:set package 'bmp280' build argument 'ament_cmake_args' from command line to 'None'
[3.032s] Level 5:colcon.colcon_core.verb:set package 'bmp280' build argument 'catkin_cmake_args' from command line to 'None'
[3.032s] Level 5:colcon.colcon_core.verb:set package 'bmp280' build argument 'catkin_skip_building_tests' from command line to 'False'
[3.033s] DEBUG:colcon.colcon_core.verb:Building package 'bmp280' with the following arguments: {'ament_cmake_args': None, 'build_base': '/home/charl/ros2_ws/src/build/bmp280', 'catkin_cmake_args': None, 'catkin_skip_building_tests': False, 'cmake_args': None, 'cmake_clean_cache': False, 'cmake_clean_first': False, 'cmake_force_configure': False, 'cmake_target': None, 'cmake_target_skip_unavailable': False, 'install_base': '/home/charl/ros2_ws/src/install/bmp280', 'merge_install': False, 'path': '/home/charl/ros2_ws/src/ros2-bmp280', 'symlink_install': False, 'test_result_base': None}
[3.036s] Level 5:colcon.colcon_core.verb:set package 'subscriber' build argument 'cmake_args' from command line to 'None'
[3.036s] Level 5:colcon.colcon_core.verb:set package 'subscriber' build argument 'cmake_target' from command line to 'None'
[3.036s] Level 5:colcon.colcon_core.verb:set package 'subscriber' build argument 'cmake_target_skip_unavailable' from command line to 'False'
[3.036s] Level 5:colcon.colcon_core.verb:set package 'subscriber' build argument 'cmake_clean_cache' from command line to 'False'
[3.037s] Level 5:colcon.colcon_core.verb:set package 'subscriber' build argument 'cmake_clean_first' from command line to 'False'
[3.037s] Level 5:colcon.colcon_core.verb:set package 'subscriber' build argument 'cmake_force_configure' from command line to 'False'
[3.037s] Level 5:colcon.colcon_core.verb:set package 'subscriber' build argument 'ament_cmake_args' from command line to 'None'
[3.037s] Level 5:colcon.colcon_core.verb:set package 'subscriber' build argument 'catkin_cmake_args' from command line to 'None'
[3.038s] Level 5:colcon.colcon_core.verb:set package 'subscriber' build argument 'catkin_skip_building_tests' from command line to 'False'
[3.038s] DEBUG:colcon.colcon_core.verb:Building package 'subscriber' with the following arguments: {'ament_cmake_args': None, 'build_base': '/home/charl/ros2_ws/src/build/subscriber', 'catkin_cmake_args': None, 'catkin_skip_building_tests': False, 'cmake_args': None, 'cmake_clean_cache': False, 'cmake_clean_first': False, 'cmake_force_configure': False, 'cmake_target': None, 'cmake_target_skip_unavailable': False, 'install_base': '/home/charl/ros2_ws/src/install/subscriber', 'merge_install': False, 'path': '/home/charl/ros2_ws/src/subscriber', 'symlink_install': False, 'test_result_base': None}
[3.039s] INFO:colcon.colcon_core.executor:Executing jobs using 'parallel' executor
[3.046s] DEBUG:colcon.colcon_parallel_executor.executor.parallel:run_until_complete
[3.048s] INFO:colcon.colcon_ros.task.ament_python.build:Building ROS package in '/home/charl/ros2_ws/src/ros2-bmp280' with build type 'ament_python'
[3.049s] Level 1:colcon.colcon_core.shell:create_environment_hook('bmp280', 'ament_prefix_path')
[3.078s] INFO:colcon.colcon_core.plugin_system:Skipping extension 'colcon_core.shell.bat': Not used on non-Windows systems
[3.081s] INFO:colcon.colcon_core.shell:Creating environment hook '/home/charl/ros2_ws/src/install/bmp280/share/bmp280/hook/ament_prefix_path.ps1'
[3.087s] INFO:colcon.colcon_core.shell:Creating environment descriptor '/home/charl/ros2_ws/src/install/bmp280/share/bmp280/hook/ament_prefix_path.dsv'
[3.091s] INFO:colcon.colcon_core.shell:Creating environment hook '/home/charl/ros2_ws/src/install/bmp280/share/bmp280/hook/ament_prefix_path.sh'
[3.098s] INFO:colcon.colcon_core.shell:Skip shell extension 'powershell' for command environment: Not usable outside of PowerShell
[3.099s] DEBUG:colcon.colcon_core.shell:Skip shell extension 'dsv' for command environment
[3.134s] INFO:colcon.colcon_ros.task.ament_python.build:Building ROS package in '/home/charl/ros2_ws/src/subscriber' with build type 'ament_python'
[3.135s] Level 1:colcon.colcon_core.shell:create_environment_hook('subscriber', 'ament_prefix_path')
[3.138s] INFO:colcon.colcon_core.shell:Creating environment hook '/home/charl/ros2_ws/src/install/subscriber/share/subscriber/hook/ament_prefix_path.ps1'
[3.145s] INFO:colcon.colcon_core.shell:Creating environment descriptor '/home/charl/ros2_ws/src/install/subscriber/share/subscriber/hook/ament_prefix_path.dsv'
[3.150s] INFO:colcon.colcon_core.shell:Creating environment hook '/home/charl/ros2_ws/src/install/subscriber/share/subscriber/hook/ament_prefix_path.sh'
[3.155s] INFO:colcon.colcon_core.shell:Skip shell extension 'powershell' for command environment: Not usable outside of PowerShell
[3.155s] DEBUG:colcon.colcon_core.shell:Skip shell extension 'dsv' for command environment
[5.805s] INFO:colcon.colcon_core.task.python.build:Building Python package in '/home/charl/ros2_ws/src/ros2-bmp280'
[5.807s] INFO:colcon.colcon_core.shell:Skip shell extension 'powershell' for command environment: Not usable outside of PowerShell
[5.807s] DEBUG:colcon.colcon_core.shell:Skip shell extension 'dsv' for command environment
[8.128s] INFO:colcon.colcon_core.task.python.build:Building Python package in '/home/charl/ros2_ws/src/subscriber'
[8.130s] INFO:colcon.colcon_core.shell:Skip shell extension 'powershell' for command environment: Not usable outside of PowerShell
[8.130s] DEBUG:colcon.colcon_core.shell:Skip shell extension 'dsv' for command environment
[17.027s] DEBUG:colcon.colcon_core.event_handler.log_command:Invoking command in '/home/charl/ros2_ws/src/ros2-bmp280': PYTHONPATH=/home/charl/ros2_ws/src/build/bmp280/prefix_override:/usr/lib/python3/dist-packages/colcon_core/task/python/colcon_distutils_commands:/home/charl/ros2_ws/src/install/bmp280/lib/python3.12/site-packages:${PYTHONPATH} /usr/bin/python3 -W ignore:setup.py install is deprecated -W ignore:easy_install command is deprecated setup.py egg_info --egg-base ../build/bmp280 build --build-base /home/charl/ros2_ws/src/build/bmp280/build install --record /home/charl/ros2_ws/src/build/bmp280/install.log --single-version-externally-managed install_data
[17.065s] DEBUG:colcon.colcon_core.event_handler.log_command:Invoking command in '/home/charl/ros2_ws/src/subscriber': PYTHONPATH=/home/charl/ros2_ws/src/build/subscriber/prefix_override:/usr/lib/python3/dist-packages/colcon_core/task/python/colcon_distutils_commands:/home/charl/ros2_ws/src/install/subscriber/lib/python3.12/site-packages:${PYTHONPATH} /usr/bin/python3 -W ignore:setup.py install is deprecated -W ignore:easy_install command is deprecated setup.py egg_info --egg-base ../build/subscriber build --build-base /home/charl/ros2_ws/src/build/subscriber/build install --record /home/charl/ros2_ws/src/build/subscriber/install.log --single-version-externally-managed install_data
[24.482s] DEBUG:colcon.colcon_core.event_handler.log_command:Invoked command in '/home/charl/ros2_ws/src/subscriber' returned '0': PYTHONPATH=/home/charl/ros2_ws/src/build/subscriber/prefix_override:/usr/lib/python3/dist-packages/colcon_core/task/python/colcon_distutils_commands:/home/charl/ros2_ws/src/install/subscriber/lib/python3.12/site-packages:${PYTHONPATH} /usr/bin/python3 -W ignore:setup.py install is deprecated -W ignore:easy_install command is deprecated setup.py egg_info --egg-base ../build/subscriber build --build-base /home/charl/ros2_ws/src/build/subscriber/build install --record /home/charl/ros2_ws/src/build/subscriber/install.log --single-version-externally-managed install_data
[24.535s] Level 1:colcon.colcon_core.environment:checking '/home/charl/ros2_ws/src/install/subscriber' for CMake module files
[24.543s] Level 1:colcon.colcon_core.environment:checking '/home/charl/ros2_ws/src/install/subscriber' for CMake config files
[24.550s] Level 1:colcon.colcon_core.environment:checking '/home/charl/ros2_ws/src/install/subscriber/lib'
[24.552s] Level 1:colcon.colcon_core.environment:checking '/home/charl/ros2_ws/src/install/subscriber/bin'
[24.553s] Level 1:colcon.colcon_core.environment:checking '/home/charl/ros2_ws/src/install/subscriber/lib/pkgconfig/subscriber.pc'
[24.555s] Level 1:colcon.colcon_core.environment:checking '/home/charl/ros2_ws/src/install/subscriber/lib/python3.12/site-packages'
[24.556s] Level 1:colcon.colcon_core.shell:create_environment_hook('subscriber', 'pythonpath')
[24.558s] INFO:colcon.colcon_core.shell:Creating environment hook '/home/charl/ros2_ws/src/install/subscriber/share/subscriber/hook/pythonpath.ps1'
[24.565s] INFO:colcon.colcon_core.shell:Creating environment descriptor '/home/charl/ros2_ws/src/install/subscriber/share/subscriber/hook/pythonpath.dsv'
[24.571s] INFO:colcon.colcon_core.shell:Creating environment hook '/home/charl/ros2_ws/src/install/subscriber/share/subscriber/hook/pythonpath.sh'
[24.578s] Level 1:colcon.colcon_core.environment:checking '/home/charl/ros2_ws/src/install/subscriber/bin'
[24.579s] Level 1:colcon.colcon_core.environment:create_environment_scripts_only(subscriber)
[24.581s] INFO:colcon.colcon_core.shell:Creating package script '/home/charl/ros2_ws/src/install/subscriber/share/subscriber/package.ps1'
[24.598s] INFO:colcon.colcon_core.shell:Creating package descriptor '/home/charl/ros2_ws/src/install/subscriber/share/subscriber/package.dsv'
[24.606s] INFO:colcon.colcon_core.shell:Creating package script '/home/charl/ros2_ws/src/install/subscriber/share/subscriber/package.sh'
[24.614s] INFO:colcon.colcon_core.shell:Creating package script '/home/charl/ros2_ws/src/install/subscriber/share/subscriber/package.bash'
[24.624s] INFO:colcon.colcon_core.shell:Creating package script '/home/charl/ros2_ws/src/install/subscriber/share/subscriber/package.zsh'
[24.634s] Level 1:colcon.colcon_core.environment:create_file_with_runtime_dependencies(/home/charl/ros2_ws/src/install/subscriber/share/colcon-core/packages/subscriber)
[24.642s] Level 1:colcon.colcon_core.environment:checking '/home/charl/ros2_ws/src/install/bmp280' for CMake module files
[24.648s] DEBUG:colcon.colcon_core.event_handler.log_command:Invoked command in '/home/charl/ros2_ws/src/ros2-bmp280' returned '0': PYTHONPATH=/home/charl/ros2_ws/src/build/bmp280/prefix_override:/usr/lib/python3/dist-packages/colcon_core/task/python/colcon_distutils_commands:/home/charl/ros2_ws/src/install/bmp280/lib/python3.12/site-packages:${PYTHONPATH} /usr/bin/python3 -W ignore:setup.py install is deprecated -W ignore:easy_install command is deprecated setup.py egg_info --egg-base ../build/bmp280 build --build-base /home/charl/ros2_ws/src/build/bmp280/build install --record /home/charl/ros2_ws/src/build/bmp280/install.log --single-version-externally-managed install_data
[24.655s] Level 1:colcon.colcon_core.environment:checking '/home/charl/ros2_ws/src/install/bmp280' for CMake config files
[24.671s] Level 1:colcon.colcon_core.environment:checking '/home/charl/ros2_ws/src/install/bmp280/lib'
[24.673s] Level 1:colcon.colcon_core.environment:checking '/home/charl/ros2_ws/src/install/bmp280/bin'
[24.673s] Level 1:colcon.colcon_core.environment:checking '/home/charl/ros2_ws/src/install/bmp280/lib/pkgconfig/bmp280.pc'
[24.676s] Level 1:colcon.colcon_core.environment:checking '/home/charl/ros2_ws/src/install/bmp280/lib/python3.12/site-packages'
[24.677s] Level 1:colcon.colcon_core.shell:create_environment_hook('bmp280', 'pythonpath')
[24.679s] INFO:colcon.colcon_core.shell:Creating environment hook '/home/charl/ros2_ws/src/install/bmp280/share/bmp280/hook/pythonpath.ps1'
[24.683s] INFO:colcon.colcon_core.shell:Creating environment descriptor '/home/charl/ros2_ws/src/install/bmp280/share/bmp280/hook/pythonpath.dsv'
[24.687s] INFO:colcon.colcon_core.shell:Creating environment hook '/home/charl/ros2_ws/src/install/bmp280/share/bmp280/hook/pythonpath.sh'
[24.693s] Level 1:colcon.colcon_core.environment:checking '/home/charl/ros2_ws/src/install/bmp280/bin'
[24.694s] Level 1:colcon.colcon_core.environment:create_environment_scripts_only(bmp280)
[24.696s] INFO:colcon.colcon_core.shell:Creating package script '/home/charl/ros2_ws/src/install/bmp280/share/bmp280/package.ps1'
[24.701s] INFO:colcon.colcon_core.shell:Creating package descriptor '/home/charl/ros2_ws/src/install/bmp280/share/bmp280/package.dsv'
[24.705s] INFO:colcon.colcon_core.shell:Creating package script '/home/charl/ros2_ws/src/install/bmp280/share/bmp280/package.sh'
[24.710s] INFO:colcon.colcon_core.shell:Creating package script '/home/charl/ros2_ws/src/install/bmp280/share/bmp280/package.bash'
[24.714s] INFO:colcon.colcon_core.shell:Creating package script '/home/charl/ros2_ws/src/install/bmp280/share/bmp280/package.zsh'
[24.717s] Level 1:colcon.colcon_core.environment:create_file_with_runtime_dependencies(/home/charl/ros2_ws/src/install/bmp280/share/colcon-core/packages/bmp280)
[24.720s] DEBUG:colcon.colcon_parallel_executor.executor.parallel:closing loop
[24.723s] DEBUG:colcon.colcon_parallel_executor.executor.parallel:loop closed
[24.724s] DEBUG:colcon.colcon_parallel_executor.executor.parallel:run_until_complete finished with '0'
[24.725s] DEBUG:colcon.colcon_core.event_reactor:joining thread
[24.943s] INFO:colcon.colcon_core.plugin_system:Skipping extension 'colcon_notification.desktop_notification.notify_send': Could not find 'notify-send'
[24.944s] INFO:colcon.colcon_core.plugin_system:Skipping extension 'colcon_notification.desktop_notification.terminal_notifier': Not used on non-Darwin systems
[24.945s] INFO:colcon.colcon_core.plugin_system:Skipping extension 'colcon_notification.desktop_notification.win32': Not used on non-Windows systems
[24.945s] INFO:colcon.colcon_notification.desktop_notification:Sending desktop notification using 'notify2'
[24.979s] DEBUG:colcon.colcon_notification.desktop_notification.notify2:Failed to initialize notify2: org.freedesktop.DBus.Error.ServiceUnknown: The name org.freedesktop.Notifications was not provided by any .service files
[24.980s] DEBUG:colcon.colcon_core.event_reactor:joined thread
[24.982s] INFO:colcon.colcon_core.shell:Creating prefix script '/home/charl/ros2_ws/src/install/local_setup.ps1'
[24.993s] INFO:colcon.colcon_core.shell:Creating prefix util module '/home/charl/ros2_ws/src/install/_local_setup_util_ps1.py'
[25.007s] INFO:colcon.colcon_core.shell:Creating prefix chain script '/home/charl/ros2_ws/src/install/setup.ps1'
[25.018s] INFO:colcon.colcon_core.shell:Creating prefix script '/home/charl/ros2_ws/src/install/local_setup.sh'
[25.025s] INFO:colcon.colcon_core.shell:Creating prefix util module '/home/charl/ros2_ws/src/install/_local_setup_util_sh.py'
[25.031s] INFO:colcon.colcon_core.shell:Creating prefix chain script '/home/charl/ros2_ws/src/install/setup.sh'
[25.042s] INFO:colcon.colcon_core.shell:Creating prefix script '/home/charl/ros2_ws/src/install/local_setup.bash'
[25.047s] INFO:colcon.colcon_core.shell:Creating prefix chain script '/home/charl/ros2_ws/src/install/setup.bash'
[25.056s] INFO:colcon.colcon_core.shell:Creating prefix script '/home/charl/ros2_ws/src/install/local_setup.zsh'
[25.062s] INFO:colcon.colcon_core.shell:Creating prefix chain script '/home/charl/ros2_ws/src/install/setup.zsh'
