[0.237s] Invoking command in '/home/charl/ros2_ws/src/build/dummy_map_server': CMAKE_PREFIX_PATH=/home/charl/ros2_ws/src/install/bmp280:/opt/ros/jazzy /usr/bin/cmake /home/charl/ros2_ws/src/demos/dummy_robot/dummy_map_server -DCMAKE_INSTALL_PREFIX=/home/charl/ros2_ws/src/install/dummy_map_server
[4.160s] -- The C compiler identification is GNU 13.3.0
[6.615s] -- The CXX compiler identification is GNU 13.3.0
[7.235s] -- Detecting C compiler ABI info
[11.531s] -- Detecting C compiler ABI info - done
[11.651s] -- Check for working C compiler: /usr/bin/cc - skipped
[11.654s] -- Detecting C compile features
[11.657s] -- Detecting C compile features - done
[11.922s] -- Detecting CXX compiler ABI info
[16.337s] -- Detecting CXX compiler ABI info - done
[16.388s] -- Check for working CXX compiler: /usr/bin/c++ - skipped
[16.391s] -- Detecting CXX compile features
[16.399s] -- Detecting CXX compile features - done
[16.586s] -- Found ament_cmake: 2.5.4 (/opt/ros/jazzy/share/ament_cmake/cmake)
[19.164s] -- Found Python3: /usr/bin/python3 (found version "3.12.3") found components: Interpreter 
[21.375s] -- Found nav_msgs: 5.3.6 (/opt/ros/jazzy/share/nav_msgs/cmake)
[22.114s] -- Found rosidl_generator_c: 4.6.6 (/opt/ros/jazzy/share/rosidl_generator_c/cmake)
[22.349s] -- Found rosidl_generator_cpp: 4.6.6 (/opt/ros/jazzy/share/rosidl_generator_cpp/cmake)
[22.728s] -- Using all available rosidl_typesupport_c: rosidl_typesupport_fastrtps_c;rosidl_typesupport_introspection_c
[23.047s] -- Using all available rosidl_typesupport_cpp: rosidl_typesupport_fastrtps_cpp;rosidl_typesupport_introspection_cpp
[24.485s] -- Found rclcpp: 28.1.12 (/opt/ros/jazzy/share/rclcpp/cmake)
[25.197s] -- Found rmw_implementation_cmake: 7.3.2 (/opt/ros/jazzy/share/rmw_implementation_cmake/cmake)
[25.250s] -- Found rmw_fastrtps_cpp: 8.4.3 (/opt/ros/jazzy/share/rmw_fastrtps_cpp/cmake)
[26.438s] -- Found OpenSSL: /usr/lib/aarch64-linux-gnu/libcrypto.so (found version "3.0.13")  
[26.635s] -- Found FastRTPS: /opt/ros/jazzy/include (Required is at least version "2.13") 
[26.912s] -- Using RMW implementation 'rmw_fastrtps_cpp' as default
[27.893s] -- Found ament_lint_auto: 0.17.3 (/opt/ros/jazzy/share/ament_lint_auto/cmake)
[30.387s] -- Added test 'copyright' to check source files copyright and LICENSE
[30.429s] -- Added test 'cppcheck' to perform static code analysis on C / C++ code
[30.435s] -- Configured cppcheck include dirs: 
[30.436s] -- Configured cppcheck exclude dirs and/or files: 
[30.457s] -- Added test 'cpplint' to check C / C++ code against the Google style
[30.463s] -- Configured cpplint exclude dirs and/or files: 
[30.475s] -- Added test 'lint_cmake' to check CMake code style
[30.506s] -- Added test 'uncrustify' to check C / C++ code style
[30.508s] -- Configured uncrustify additional arguments: 
[30.513s] -- Added test 'xmllint' to check XML markup files
[30.614s] -- Configuring done (29.3s)
[31.470s] -- Generating done (0.3s)
[31.548s] -- Build files have been written to: /home/charl/ros2_ws/src/build/dummy_map_server
[31.697s] Invoked command in '/home/charl/ros2_ws/src/build/dummy_map_server' returned '0': CMAKE_PREFIX_PATH=/home/charl/ros2_ws/src/install/bmp280:/opt/ros/jazzy /usr/bin/cmake /home/charl/ros2_ws/src/demos/dummy_robot/dummy_map_server -DCMAKE_INSTALL_PREFIX=/home/charl/ros2_ws/src/install/dummy_map_server
[31.717s] Invoking command in '/home/charl/ros2_ws/src/build/dummy_map_server': CMAKE_PREFIX_PATH=/home/charl/ros2_ws/src/install/bmp280:/opt/ros/jazzy /usr/bin/cmake --build /home/charl/ros2_ws/src/build/dummy_map_server -- -j4 -l4
[32.729s] [ 50%] [32mBuilding CXX object CMakeFiles/dummy_map_server.dir/src/dummy_map_server.cpp.o[0m
[62.749s] gmake[2]: *** [CMakeFiles/dummy_map_server.dir/build.make:76: CMakeFiles/dummy_map_server.dir/src/dummy_map_server.cpp.o] Interrupt
[62.772s] gmake[1]: *** [CMakeFiles/Makefile2:137: CMakeFiles/dummy_map_server.dir/all] Interrupt
[62.774s] gmake: *** [Makefile:146: all] Interrupt
