[0.198s] Invoking command in '/home/charl/ros2_ws/src/build/lifecycle': CMAKE_PREFIX_PATH=/home/charl/ros2_ws/src/install/bmp280:/opt/ros/jazzy /usr/bin/cmake /home/charl/ros2_ws/src/demos/lifecycle -DCMAKE_INSTALL_PREFIX=/home/charl/ros2_ws/src/install/lifecycle
[4.030s] -- The C compiler identification is GNU 13.3.0
[6.483s] -- The CXX compiler identification is GNU 13.3.0
[7.106s] -- Detecting C compiler ABI info
[11.399s] -- Detecting C compiler ABI info - done
[11.513s] -- Check for working C compiler: /usr/bin/cc - skipped
[11.516s] -- Detecting C compile features
[11.520s] -- Detecting C compile features - done
[11.787s] -- Detecting CXX compiler ABI info
[16.201s] -- Detecting CXX compiler ABI info - done
[16.235s] -- Check for working CXX compiler: /usr/bin/c++ - skipped
[16.253s] -- Detecting CXX compile features
[16.263s] -- Detecting CXX compile features - done
[16.459s] -- Found ament_cmake: 2.5.4 (/opt/ros/jazzy/share/ament_cmake/cmake)
[19.051s] -- Found Python3: /usr/bin/python3 (found version "3.12.3") found components: Interpreter 
[21.254s] -- Found rclcpp_lifecycle: 28.1.12 (/opt/ros/jazzy/share/rclcpp_lifecycle/cmake)
[22.008s] -- Found rosidl_generator_c: 4.6.6 (/opt/ros/jazzy/share/rosidl_generator_c/cmake)
[22.223s] -- Found rosidl_generator_cpp: 4.6.6 (/opt/ros/jazzy/share/rosidl_generator_cpp/cmake)
[22.598s] -- Using all available rosidl_typesupport_c: rosidl_typesupport_fastrtps_c;rosidl_typesupport_introspection_c
[22.918s] -- Using all available rosidl_typesupport_cpp: rosidl_typesupport_fastrtps_cpp;rosidl_typesupport_introspection_cpp
[24.320s] -- Found rmw_implementation_cmake: 7.3.2 (/opt/ros/jazzy/share/rmw_implementation_cmake/cmake)
[24.374s] -- Found rmw_fastrtps_cpp: 8.4.3 (/opt/ros/jazzy/share/rmw_fastrtps_cpp/cmake)
[25.629s] -- Found OpenSSL: /usr/lib/aarch64-linux-gnu/libcrypto.so (found version "3.0.13")  
[25.858s] -- Found FastRTPS: /opt/ros/jazzy/include (Required is at least version "2.13") 
[26.150s] -- Using RMW implementation 'rmw_fastrtps_cpp' as default
[27.512s] -- Found std_msgs: 5.3.6 (/opt/ros/jazzy/share/std_msgs/cmake)
[27.761s] -- Found ament_lint_auto: 0.17.3 (/opt/ros/jazzy/share/ament_lint_auto/cmake)
[30.543s] [31mCMake Error at CMakeLists.txt:54 (find_package):
[30.551s]   By not providing "Findros_testing.cmake" in CMAKE_MODULE_PATH this project
[30.553s]   has asked CMake to find a package configuration file provided by
[30.554s]   "ros_testing", but CMake did not find one.
[30.556s] 
[30.557s]   Could not find a package configuration file provided by "ros_testing" with
[30.558s]   any of the following names:
[30.560s] 
[30.561s]     ros_testingConfig.cmake
[30.562s]     ros_testing-config.cmake
[30.564s] 
[30.565s]   Add the installation prefix of "ros_testing" to CMAKE_PREFIX_PATH or set
[30.566s]   "ros_testing_DIR" to a directory containing one of the above files.  If
[30.568s]   "ros_testing" provides a separate development package or SDK, be sure it
[30.571s]   has been installed.
[30.577s] 
[30.590s] [0m
[30.596s] -- Configuring incomplete, errors occurred!
[31.278s] Invoked command in '/home/charl/ros2_ws/src/build/lifecycle' returned '1': CMAKE_PREFIX_PATH=/home/charl/ros2_ws/src/install/bmp280:/opt/ros/jazzy /usr/bin/cmake /home/charl/ros2_ws/src/demos/lifecycle -DCMAKE_INSTALL_PREFIX=/home/charl/ros2_ws/src/install/lifecycle
