[0.217s] Invoking command in '/home/charl/ros2_ws/src/build/dummy_sensors': CMAKE_PREFIX_PATH=/home/charl/ros2_ws/src/install/bmp280:/opt/ros/jazzy /usr/bin/cmake /home/charl/ros2_ws/src/demos/dummy_robot/dummy_sensors -DCMAKE_INSTALL_PREFIX=/home/charl/ros2_ws/src/install/dummy_sensors
[4.069s] -- The C compiler identification is GNU 13.3.0
[6.520s] -- The CXX compiler identification is GNU 13.3.0
[7.144s] -- Detecting C compiler ABI info
[11.441s] -- Detecting C compiler ABI info - done
[11.530s] -- Check for working C compiler: /usr/bin/cc - skipped
[11.550s] -- Detecting C compile features
[11.559s] -- Detecting C compile features - done
[11.824s] -- Detecting CXX compiler ABI info
[16.226s] -- Detecting CXX compiler ABI info - done
[16.276s] -- Check for working CXX compiler: /usr/bin/c++ - skipped
[16.291s] -- Detecting CXX compile features
[16.308s] -- Detecting CXX compile features - done
[16.492s] -- Found ament_cmake: 2.5.4 (/opt/ros/jazzy/share/ament_cmake/cmake)
[19.154s] -- Found Python3: /usr/bin/python3 (found version "3.12.3") found components: Interpreter 
[21.302s] -- Found rclcpp: 28.1.12 (/opt/ros/jazzy/share/rclcpp/cmake)
[22.015s] -- Found rosidl_generator_c: 4.6.6 (/opt/ros/jazzy/share/rosidl_generator_c/cmake)
[22.258s] -- Found rosidl_generator_cpp: 4.6.6 (/opt/ros/jazzy/share/rosidl_generator_cpp/cmake)
[22.639s] -- Using all available rosidl_typesupport_c: rosidl_typesupport_fastrtps_c;rosidl_typesupport_introspection_c
[22.961s] -- Using all available rosidl_typesupport_cpp: rosidl_typesupport_fastrtps_cpp;rosidl_typesupport_introspection_cpp
[24.286s] -- Found rmw_implementation_cmake: 7.3.2 (/opt/ros/jazzy/share/rmw_implementation_cmake/cmake)
[24.350s] -- Found rmw_fastrtps_cpp: 8.4.3 (/opt/ros/jazzy/share/rmw_fastrtps_cpp/cmake)
[25.688s] -- Found OpenSSL: /usr/lib/aarch64-linux-gnu/libcrypto.so (found version "3.0.13")  
[25.903s] -- Found FastRTPS: /opt/ros/jazzy/include (Required is at least version "2.13") 
[26.186s] -- Using RMW implementation 'rmw_fastrtps_cpp' as default
[27.449s] -- Found sensor_msgs: 5.3.6 (/opt/ros/jazzy/share/sensor_msgs/cmake)
[28.575s] -- Found ament_lint_auto: 0.17.3 (/opt/ros/jazzy/share/ament_lint_auto/cmake)
[30.866s] -- Added test 'copyright' to check source files copyright and LICENSE
[30.889s] -- Added test 'cppcheck' to perform static code analysis on C / C++ code
[30.891s] -- Configured cppcheck include dirs: 
[30.893s] -- Configured cppcheck exclude dirs and/or files: 
[30.907s] -- Added test 'cpplint' to check C / C++ code against the Google style
[30.910s] -- Configured cpplint exclude dirs and/or files: 
[30.918s] -- Added test 'lint_cmake' to check CMake code style
[30.936s] -- Added test 'uncrustify' to check C / C++ code style
[30.938s] -- Configured uncrustify additional arguments: 
[30.947s] -- Added test 'xmllint' to check XML markup files
[30.968s] -- Configuring done (29.8s)
[31.423s] -- Generating done (0.3s)
[31.499s] -- Build files have been written to: /home/charl/ros2_ws/src/build/dummy_sensors
[31.660s] Invoked command in '/home/charl/ros2_ws/src/build/dummy_sensors' returned '0': CMAKE_PREFIX_PATH=/home/charl/ros2_ws/src/install/bmp280:/opt/ros/jazzy /usr/bin/cmake /home/charl/ros2_ws/src/demos/dummy_robot/dummy_sensors -DCMAKE_INSTALL_PREFIX=/home/charl/ros2_ws/src/install/dummy_sensors
[31.689s] Invoking command in '/home/charl/ros2_ws/src/build/dummy_sensors': CMAKE_PREFIX_PATH=/home/charl/ros2_ws/src/install/bmp280:/opt/ros/jazzy /usr/bin/cmake --build /home/charl/ros2_ws/src/build/dummy_sensors -- -j4 -l4
[32.584s] [ 25%] [32mBuilding CXX object CMakeFiles/dummy_joint_states.dir/src/dummy_joint_states.cpp.o[0m
[32.600s] [ 50%] [32mBuilding CXX object CMakeFiles/dummy_laser.dir/src/dummy_laser.cpp.o[0m
[62.612s] gmake[2]: *** [CMakeFiles/dummy_laser.dir/build.make:76: CMakeFiles/dummy_laser.dir/src/dummy_laser.cpp.o] Interrupt
[62.639s] gmake[2]: *** [CMakeFiles/dummy_joint_states.dir/build.make:76: CMakeFiles/dummy_joint_states.dir/src/dummy_joint_states.cpp.o] Interrupt
[62.683s] gmake[1]: *** [CMakeFiles/Makefile2:165: CMakeFiles/dummy_joint_states.dir/all] Interrupt
[62.685s] gmake[1]: *** [CMakeFiles/Makefile2:139: CMakeFiles/dummy_laser.dir/all] Interrupt
[62.688s] gmake: *** [Makefile:146: all] Interrupt
