[1.242s] DEBUG:colcon:Command line arguments: ['/usr/bin/colcon', 'build', '--packages-select', 'bmp280']
[1.243s] DEBUG:colcon:Parsed command line arguments: Namespace(log_base=None, log_level=None, verb_name='build', build_base='build', install_base='install', merge_install=False, symlink_install=False, test_result_base=None, continue_on_error=False, executor='parallel', parallel_workers=4, event_handlers=None, ignore_user_meta=False, metas=['./colcon.meta'], base_paths=['.'], packages_ignore=None, packages_ignore_regex=None, paths=None, packages_up_to=None, packages_up_to_regex=None, packages_above=None, packages_above_and_dependencies=None, packages_above_depth=None, packages_select_by_dep=None, packages_skip_by_dep=None, packages_skip_up_to=None, packages_select_build_failed=False, packages_skip_build_finished=False, packages_select_test_failures=False, packages_skip_test_passed=False, packages_select=['bmp280'], packages_skip=None, packages_select_regex=None, packages_skip_regex=None, packages_start=None, packages_end=None, allow_overriding=[], cmake_args=None, cmake_target=None, cmake_target_skip_unavailable=False, cmake_clean_cache=False, cmake_clean_first=False, cmake_force_configure=False, ament_cmake_args=None, catkin_cmake_args=None, catkin_skip_building_tests=False, mixin_files=None, mixin=None, verb_parser=<colcon_mixin.mixin.mixin_argument.MixinArgumentDecorator object at 0xffffa29a2f90>, verb_extension=<colcon_core.verb.build.BuildVerb object at 0xffffa2b53800>, main=<bound method BuildVerb.main of <colcon_core.verb.build.BuildVerb object at 0xffffa2b53800>>, mixin_verb=('build',))
[1.675s] Level 1:colcon.colcon_core.package_discovery:discover_packages(colcon_meta) check parameters
[1.676s] Level 1:colcon.colcon_core.package_discovery:discover_packages(recursive) check parameters
[1.676s] Level 1:colcon.colcon_core.package_discovery:discover_packages(ignore) check parameters
[1.676s] Level 1:colcon.colcon_core.package_discovery:discover_packages(path) check parameters
[1.676s] Level 1:colcon.colcon_core.package_discovery:discover_packages(colcon_meta) discover
[1.677s] Level 1:colcon.colcon_core.package_discovery:discover_packages(recursive) discover
[1.677s] INFO:colcon.colcon_core.package_discovery:Crawling recursively for packages in '/home/charl/ros2_ws'
[1.678s] Level 1:colcon.colcon_core.package_identification:_identify(.) by extensions ['ignore', 'ignore_ament_install']
[1.679s] Level 1:colcon.colcon_core.package_identification:_identify(.) by extension 'ignore'
[1.679s] Level 1:colcon.colcon_core.package_identification:_identify(.) by extension 'ignore_ament_install'
[1.680s] Level 1:colcon.colcon_core.package_identification:_identify(.) by extensions ['colcon_pkg']
[1.680s] Level 1:colcon.colcon_core.package_identification:_identify(.) by extension 'colcon_pkg'
[1.681s] Level 1:colcon.colcon_core.package_identification:_identify(.) by extensions ['colcon_meta']
[1.681s] Level 1:colcon.colcon_core.package_identification:_identify(.) by extension 'colcon_meta'
[1.681s] Level 1:colcon.colcon_core.package_identification:_identify(.) by extensions ['ros']
[1.682s] Level 1:colcon.colcon_core.package_identification:_identify(.) by extension 'ros'
[1.952s] Level 1:colcon.colcon_core.package_identification:_identify(.) by extensions ['cmake', 'python']
[1.953s] Level 1:colcon.colcon_core.package_identification:_identify(.) by extension 'cmake'
[1.953s] Level 1:colcon.colcon_core.package_identification:_identify(.) by extension 'python'
[1.953s] Level 1:colcon.colcon_core.package_identification:_identify(.) by extensions ['python_setup_py']
[1.954s] Level 1:colcon.colcon_core.package_identification:_identify(.) by extension 'python_setup_py'
[1.955s] Level 1:colcon.colcon_core.package_identification:_identify(build) by extensions ['ignore', 'ignore_ament_install']
[1.956s] Level 1:colcon.colcon_core.package_identification:_identify(build) by extension 'ignore'
[1.956s] Level 1:colcon.colcon_core.package_identification:_identify(build) ignored
[1.958s] Level 1:colcon.colcon_core.package_identification:_identify(install) by extensions ['ignore', 'ignore_ament_install']
[1.959s] Level 1:colcon.colcon_core.package_identification:_identify(install) by extension 'ignore'
[1.959s] Level 1:colcon.colcon_core.package_identification:_identify(install) ignored
[1.960s] Level 1:colcon.colcon_core.package_identification:_identify(log) by extensions ['ignore', 'ignore_ament_install']
[1.961s] Level 1:colcon.colcon_core.package_identification:_identify(log) by extension 'ignore'
[1.961s] Level 1:colcon.colcon_core.package_identification:_identify(log) ignored
[1.962s] Level 1:colcon.colcon_core.package_identification:_identify(src) by extensions ['ignore', 'ignore_ament_install']
[1.963s] Level 1:colcon.colcon_core.package_identification:_identify(src) by extension 'ignore'
[1.963s] Level 1:colcon.colcon_core.package_identification:_identify(src) by extension 'ignore_ament_install'
[1.964s] Level 1:colcon.colcon_core.package_identification:_identify(src) by extensions ['colcon_pkg']
[1.964s] Level 1:colcon.colcon_core.package_identification:_identify(src) by extension 'colcon_pkg'
[1.965s] Level 1:colcon.colcon_core.package_identification:_identify(src) by extensions ['colcon_meta']
[1.965s] Level 1:colcon.colcon_core.package_identification:_identify(src) by extension 'colcon_meta'
[1.965s] Level 1:colcon.colcon_core.package_identification:_identify(src) by extensions ['ros']
[1.966s] Level 1:colcon.colcon_core.package_identification:_identify(src) by extension 'ros'
[1.966s] Level 1:colcon.colcon_core.package_identification:_identify(src) by extensions ['cmake', 'python']
[1.967s] Level 1:colcon.colcon_core.package_identification:_identify(src) by extension 'cmake'
[1.967s] Level 1:colcon.colcon_core.package_identification:_identify(src) by extension 'python'
[1.968s] Level 1:colcon.colcon_core.package_identification:_identify(src) by extensions ['python_setup_py']
[1.968s] Level 1:colcon.colcon_core.package_identification:_identify(src) by extension 'python_setup_py'
[1.969s] Level 1:colcon.colcon_core.package_identification:_identify(src/build) by extensions ['ignore', 'ignore_ament_install']
[1.970s] Level 1:colcon.colcon_core.package_identification:_identify(src/build) by extension 'ignore'
[1.970s] Level 1:colcon.colcon_core.package_identification:_identify(src/build) ignored
[1.971s] Level 1:colcon.colcon_core.package_identification:_identify(src/install) by extensions ['ignore', 'ignore_ament_install']
[1.972s] Level 1:colcon.colcon_core.package_identification:_identify(src/install) by extension 'ignore'
[1.973s] Level 1:colcon.colcon_core.package_identification:_identify(src/install) ignored
[1.974s] Level 1:colcon.colcon_core.package_identification:_identify(src/log) by extensions ['ignore', 'ignore_ament_install']
[1.974s] Level 1:colcon.colcon_core.package_identification:_identify(src/log) by extension 'ignore'
[1.975s] Level 1:colcon.colcon_core.package_identification:_identify(src/log) ignored
[1.976s] Level 1:colcon.colcon_core.package_identification:_identify(src/ros2-bmp280) by extensions ['ignore', 'ignore_ament_install']
[1.977s] Level 1:colcon.colcon_core.package_identification:_identify(src/ros2-bmp280) by extension 'ignore'
[1.977s] Level 1:colcon.colcon_core.package_identification:_identify(src/ros2-bmp280) by extension 'ignore_ament_install'
[1.978s] Level 1:colcon.colcon_core.package_identification:_identify(src/ros2-bmp280) by extensions ['colcon_pkg']
[1.978s] Level 1:colcon.colcon_core.package_identification:_identify(src/ros2-bmp280) by extension 'colcon_pkg'
[1.979s] Level 1:colcon.colcon_core.package_identification:_identify(src/ros2-bmp280) by extensions ['colcon_meta']
[1.979s] Level 1:colcon.colcon_core.package_identification:_identify(src/ros2-bmp280) by extension 'colcon_meta'
[1.979s] Level 1:colcon.colcon_core.package_identification:_identify(src/ros2-bmp280) by extensions ['ros']
[1.980s] Level 1:colcon.colcon_core.package_identification:_identify(src/ros2-bmp280) by extension 'ros'
[2.000s] DEBUG:colcon.colcon_core.package_identification:Package 'src/ros2-bmp280' with type 'ros.ament_python' and name 'bmp280'
[2.000s] Level 1:colcon.colcon_core.package_discovery:discover_packages(recursive) using defaults
[2.001s] Level 1:colcon.colcon_core.package_discovery:discover_packages(ignore) discover
[2.001s] Level 1:colcon.colcon_core.package_discovery:discover_packages(ignore) using defaults
[2.001s] Level 1:colcon.colcon_core.package_discovery:discover_packages(path) discover
[2.002s] Level 1:colcon.colcon_core.package_discovery:discover_packages(path) using defaults
[2.178s] Level 1:colcon.colcon_core.package_discovery:discover_packages(prefix_path) check parameters
[2.178s] Level 1:colcon.colcon_core.package_discovery:discover_packages(prefix_path) discover
[2.209s] DEBUG:colcon.colcon_installed_package_information.package_discovery:Found 192 installed packages in /opt/ros/jazzy
[2.216s] Level 1:colcon.colcon_core.package_discovery:discover_packages(prefix_path) using defaults
[2.650s] Level 5:colcon.colcon_core.verb:set package 'bmp280' build argument 'cmake_args' from command line to 'None'
[2.650s] Level 5:colcon.colcon_core.verb:set package 'bmp280' build argument 'cmake_target' from command line to 'None'
[2.650s] Level 5:colcon.colcon_core.verb:set package 'bmp280' build argument 'cmake_target_skip_unavailable' from command line to 'False'
[2.651s] Level 5:colcon.colcon_core.verb:set package 'bmp280' build argument 'cmake_clean_cache' from command line to 'False'
[2.651s] Level 5:colcon.colcon_core.verb:set package 'bmp280' build argument 'cmake_clean_first' from command line to 'False'
[2.651s] Level 5:colcon.colcon_core.verb:set package 'bmp280' build argument 'cmake_force_configure' from command line to 'False'
[2.651s] Level 5:colcon.colcon_core.verb:set package 'bmp280' build argument 'ament_cmake_args' from command line to 'None'
[2.652s] Level 5:colcon.colcon_core.verb:set package 'bmp280' build argument 'catkin_cmake_args' from command line to 'None'
[2.652s] Level 5:colcon.colcon_core.verb:set package 'bmp280' build argument 'catkin_skip_building_tests' from command line to 'False'
[2.652s] DEBUG:colcon.colcon_core.verb:Building package 'bmp280' with the following arguments: {'ament_cmake_args': None, 'build_base': '/home/charl/ros2_ws/build/bmp280', 'catkin_cmake_args': None, 'catkin_skip_building_tests': False, 'cmake_args': None, 'cmake_clean_cache': False, 'cmake_clean_first': False, 'cmake_force_configure': False, 'cmake_target': None, 'cmake_target_skip_unavailable': False, 'install_base': '/home/charl/ros2_ws/install/bmp280', 'merge_install': False, 'path': '/home/charl/ros2_ws/src/ros2-bmp280', 'symlink_install': False, 'test_result_base': None}
[2.653s] INFO:colcon.colcon_core.executor:Executing jobs using 'parallel' executor
[2.660s] DEBUG:colcon.colcon_parallel_executor.executor.parallel:run_until_complete
[2.662s] INFO:colcon.colcon_ros.task.ament_python.build:Building ROS package in '/home/charl/ros2_ws/src/ros2-bmp280' with build type 'ament_python'
[2.663s] Level 1:colcon.colcon_core.shell:create_environment_hook('bmp280', 'ament_prefix_path')
[2.683s] INFO:colcon.colcon_core.plugin_system:Skipping extension 'colcon_core.shell.bat': Not used on non-Windows systems
[2.685s] INFO:colcon.colcon_core.shell:Creating environment hook '/home/charl/ros2_ws/install/bmp280/share/bmp280/hook/ament_prefix_path.ps1'
[2.691s] INFO:colcon.colcon_core.shell:Creating environment descriptor '/home/charl/ros2_ws/install/bmp280/share/bmp280/hook/ament_prefix_path.dsv'
[2.695s] INFO:colcon.colcon_core.shell:Creating environment hook '/home/charl/ros2_ws/install/bmp280/share/bmp280/hook/ament_prefix_path.sh'
[2.701s] INFO:colcon.colcon_core.shell:Skip shell extension 'powershell' for command environment: Not usable outside of PowerShell
[2.702s] DEBUG:colcon.colcon_core.shell:Skip shell extension 'dsv' for command environment
[4.964s] INFO:colcon.colcon_core.task.python.build:Building Python package in '/home/charl/ros2_ws/src/ros2-bmp280'
[4.966s] INFO:colcon.colcon_core.shell:Skip shell extension 'powershell' for command environment: Not usable outside of PowerShell
[4.967s] DEBUG:colcon.colcon_core.shell:Skip shell extension 'dsv' for command environment
[11.137s] DEBUG:colcon.colcon_core.event_handler.log_command:Invoking command in '/home/charl/ros2_ws/src/ros2-bmp280': PS1=\[\e]0;\u@\h: \w\a\]${debian_chroot:+($debian_chroot)}\[\033[01;32m\]\u@\h\[\033[00m\]:\[\033[01;34m\]\w\[\033[00m\]\$ PYTHONPATH=/home/charl/ros2_ws/build/bmp280/prefix_override:/usr/lib/python3/dist-packages/colcon_core/task/python/colcon_distutils_commands:/home/charl/ros2_ws/install/bmp280/lib/python3.12/site-packages:${PYTHONPATH} /usr/bin/python3 -W ignore:setup.py install is deprecated -W ignore:easy_install command is deprecated setup.py egg_info --egg-base ../../build/bmp280 build --build-base /home/charl/ros2_ws/build/bmp280/build install --record /home/charl/ros2_ws/build/bmp280/install.log --single-version-externally-managed install_data
[16.844s] DEBUG:colcon.colcon_core.event_handler.log_command:Invoked command in '/home/charl/ros2_ws/src/ros2-bmp280' returned '0': PS1=\[\e]0;\u@\h: \w\a\]${debian_chroot:+($debian_chroot)}\[\033[01;32m\]\u@\h\[\033[00m\]:\[\033[01;34m\]\w\[\033[00m\]\$ PYTHONPATH=/home/charl/ros2_ws/build/bmp280/prefix_override:/usr/lib/python3/dist-packages/colcon_core/task/python/colcon_distutils_commands:/home/charl/ros2_ws/install/bmp280/lib/python3.12/site-packages:${PYTHONPATH} /usr/bin/python3 -W ignore:setup.py install is deprecated -W ignore:easy_install command is deprecated setup.py egg_info --egg-base ../../build/bmp280 build --build-base /home/charl/ros2_ws/build/bmp280/build install --record /home/charl/ros2_ws/build/bmp280/install.log --single-version-externally-managed install_data
[16.868s] Level 1:colcon.colcon_core.environment:checking '/home/charl/ros2_ws/install/bmp280' for CMake module files
[16.874s] Level 1:colcon.colcon_core.environment:checking '/home/charl/ros2_ws/install/bmp280' for CMake config files
[16.882s] Level 1:colcon.colcon_core.environment:checking '/home/charl/ros2_ws/install/bmp280/lib'
[16.884s] Level 1:colcon.colcon_core.environment:checking '/home/charl/ros2_ws/install/bmp280/bin'
[16.885s] Level 1:colcon.colcon_core.environment:checking '/home/charl/ros2_ws/install/bmp280/lib/pkgconfig/bmp280.pc'
[16.887s] Level 1:colcon.colcon_core.environment:checking '/home/charl/ros2_ws/install/bmp280/lib/python3.12/site-packages'
[16.888s] Level 1:colcon.colcon_core.shell:create_environment_hook('bmp280', 'pythonpath')
[16.890s] INFO:colcon.colcon_core.shell:Creating environment hook '/home/charl/ros2_ws/install/bmp280/share/bmp280/hook/pythonpath.ps1'
[16.894s] INFO:colcon.colcon_core.shell:Creating environment descriptor '/home/charl/ros2_ws/install/bmp280/share/bmp280/hook/pythonpath.dsv'
[16.898s] INFO:colcon.colcon_core.shell:Creating environment hook '/home/charl/ros2_ws/install/bmp280/share/bmp280/hook/pythonpath.sh'
[16.904s] Level 1:colcon.colcon_core.environment:checking '/home/charl/ros2_ws/install/bmp280/bin'
[16.904s] Level 1:colcon.colcon_core.environment:create_environment_scripts_only(bmp280)
[16.906s] INFO:colcon.colcon_core.shell:Creating package script '/home/charl/ros2_ws/install/bmp280/share/bmp280/package.ps1'
[16.914s] INFO:colcon.colcon_core.shell:Creating package descriptor '/home/charl/ros2_ws/install/bmp280/share/bmp280/package.dsv'
[16.920s] INFO:colcon.colcon_core.shell:Creating package script '/home/charl/ros2_ws/install/bmp280/share/bmp280/package.sh'
[16.927s] INFO:colcon.colcon_core.shell:Creating package script '/home/charl/ros2_ws/install/bmp280/share/bmp280/package.bash'
[16.935s] INFO:colcon.colcon_core.shell:Creating package script '/home/charl/ros2_ws/install/bmp280/share/bmp280/package.zsh'
[16.941s] Level 1:colcon.colcon_core.environment:create_file_with_runtime_dependencies(/home/charl/ros2_ws/install/bmp280/share/colcon-core/packages/bmp280)
[16.944s] DEBUG:colcon.colcon_parallel_executor.executor.parallel:closing loop
[16.947s] DEBUG:colcon.colcon_parallel_executor.executor.parallel:loop closed
[16.948s] DEBUG:colcon.colcon_parallel_executor.executor.parallel:run_until_complete finished with '0'
[16.949s] DEBUG:colcon.colcon_core.event_reactor:joining thread
[16.995s] INFO:colcon.colcon_core.plugin_system:Skipping extension 'colcon_notification.desktop_notification.notify_send': Could not find 'notify-send'
[16.996s] INFO:colcon.colcon_core.plugin_system:Skipping extension 'colcon_notification.desktop_notification.terminal_notifier': Not used on non-Darwin systems
[16.997s] INFO:colcon.colcon_core.plugin_system:Skipping extension 'colcon_notification.desktop_notification.win32': Not used on non-Windows systems
[16.997s] INFO:colcon.colcon_notification.desktop_notification:Sending desktop notification using 'notify2'
[17.004s] DEBUG:colcon.colcon_notification.desktop_notification.notify2:Failed to initialize notify2: org.freedesktop.DBus.Error.ServiceUnknown: The name org.freedesktop.Notifications was not provided by any .service files
[17.005s] DEBUG:colcon.colcon_core.event_reactor:joined thread
[17.007s] INFO:colcon.colcon_core.shell:Creating prefix script '/home/charl/ros2_ws/install/local_setup.ps1'
[17.015s] INFO:colcon.colcon_core.shell:Creating prefix util module '/home/charl/ros2_ws/install/_local_setup_util_ps1.py'
[17.026s] INFO:colcon.colcon_core.shell:Creating prefix chain script '/home/charl/ros2_ws/install/setup.ps1'
[17.034s] INFO:colcon.colcon_core.shell:Creating prefix script '/home/charl/ros2_ws/install/local_setup.sh'
[17.039s] INFO:colcon.colcon_core.shell:Creating prefix util module '/home/charl/ros2_ws/install/_local_setup_util_sh.py'
[17.045s] INFO:colcon.colcon_core.shell:Creating prefix chain script '/home/charl/ros2_ws/install/setup.sh'
[17.053s] INFO:colcon.colcon_core.shell:Creating prefix script '/home/charl/ros2_ws/install/local_setup.bash'
[17.058s] INFO:colcon.colcon_core.shell:Creating prefix chain script '/home/charl/ros2_ws/install/setup.bash'
[17.065s] INFO:colcon.colcon_core.shell:Creating prefix script '/home/charl/ros2_ws/install/local_setup.zsh'
[17.071s] INFO:colcon.colcon_core.shell:Creating prefix chain script '/home/charl/ros2_ws/install/setup.zsh'
