[1.607s] DEBUG:colcon:Command line arguments: ['/usr/bin/colcon', 'build']
[1.608s] DEBUG:colcon:Parsed command line arguments: Namespace(log_base=None, log_level=None, verb_name='build', build_base='build', install_base='install', merge_install=False, symlink_install=False, test_result_base=None, continue_on_error=False, executor='parallel', parallel_workers=4, event_handlers=None, ignore_user_meta=False, metas=['./colcon.meta'], base_paths=['.'], packages_ignore=None, packages_ignore_regex=None, paths=None, packages_up_to=None, packages_up_to_regex=None, packages_above=None, packages_above_and_dependencies=None, packages_above_depth=None, packages_select_by_dep=None, packages_skip_by_dep=None, packages_skip_up_to=None, packages_select_build_failed=False, packages_skip_build_finished=False, packages_select_test_failures=False, packages_skip_test_passed=False, packages_select=None, packages_skip=None, packages_select_regex=None, packages_skip_regex=None, packages_start=None, packages_end=None, allow_overriding=[], cmake_args=None, cmake_target=None, cmake_target_skip_unavailable=False, cmake_clean_cache=False, cmake_clean_first=False, cmake_force_configure=False, ament_cmake_args=None, catkin_cmake_args=None, catkin_skip_building_tests=False, mixin_files=None, mixin=None, verb_parser=<colcon_mixin.mixin.mixin_argument.MixinArgumentDecorator object at 0xffff8f8c3380>, verb_extension=<colcon_core.verb.build.BuildVerb object at 0xffff8fa73ec0>, main=<bound method BuildVerb.main of <colcon_core.verb.build.BuildVerb object at 0xffff8fa73ec0>>, mixin_verb=('build',))
[2.075s] Level 1:colcon.colcon_core.package_discovery:discover_packages(colcon_meta) check parameters
[2.077s] Level 1:colcon.colcon_core.package_discovery:discover_packages(recursive) check parameters
[2.077s] Level 1:colcon.colcon_core.package_discovery:discover_packages(ignore) check parameters
[2.077s] Level 1:colcon.colcon_core.package_discovery:discover_packages(path) check parameters
[2.077s] Level 1:colcon.colcon_core.package_discovery:discover_packages(colcon_meta) discover
[2.078s] Level 1:colcon.colcon_core.package_discovery:discover_packages(recursive) discover
[2.078s] INFO:colcon.colcon_core.package_discovery:Crawling recursively for packages in '/home/charl/ros2_ws/src'
[2.079s] Level 1:colcon.colcon_core.package_identification:_identify(.) by extensions ['ignore', 'ignore_ament_install']
[2.080s] Level 1:colcon.colcon_core.package_identification:_identify(.) by extension 'ignore'
[2.081s] Level 1:colcon.colcon_core.package_identification:_identify(.) by extension 'ignore_ament_install'
[2.082s] Level 1:colcon.colcon_core.package_identification:_identify(.) by extensions ['colcon_pkg']
[2.082s] Level 1:colcon.colcon_core.package_identification:_identify(.) by extension 'colcon_pkg'
[2.082s] Level 1:colcon.colcon_core.package_identification:_identify(.) by extensions ['colcon_meta']
[2.083s] Level 1:colcon.colcon_core.package_identification:_identify(.) by extension 'colcon_meta'
[2.083s] Level 1:colcon.colcon_core.package_identification:_identify(.) by extensions ['ros']
[2.083s] Level 1:colcon.colcon_core.package_identification:_identify(.) by extension 'ros'
[2.440s] Level 1:colcon.colcon_core.package_identification:_identify(.) by extensions ['cmake', 'python']
[2.441s] Level 1:colcon.colcon_core.package_identification:_identify(.) by extension 'cmake'
[2.441s] Level 1:colcon.colcon_core.package_identification:_identify(.) by extension 'python'
[2.442s] Level 1:colcon.colcon_core.package_identification:_identify(.) by extensions ['python_setup_py']
[2.442s] Level 1:colcon.colcon_core.package_identification:_identify(.) by extension 'python_setup_py'
[2.443s] Level 1:colcon.colcon_core.package_identification:_identify(build) by extensions ['ignore', 'ignore_ament_install']
[2.444s] Level 1:colcon.colcon_core.package_identification:_identify(build) by extension 'ignore'
[2.445s] Level 1:colcon.colcon_core.package_identification:_identify(build) ignored
[2.446s] Level 1:colcon.colcon_core.package_identification:_identify(install) by extensions ['ignore', 'ignore_ament_install']
[2.447s] Level 1:colcon.colcon_core.package_identification:_identify(install) by extension 'ignore'
[2.448s] Level 1:colcon.colcon_core.package_identification:_identify(install) ignored
[2.449s] Level 1:colcon.colcon_core.package_identification:_identify(log) by extensions ['ignore', 'ignore_ament_install']
[2.450s] Level 1:colcon.colcon_core.package_identification:_identify(log) by extension 'ignore'
[2.450s] Level 1:colcon.colcon_core.package_identification:_identify(log) ignored
[2.451s] Level 1:colcon.colcon_core.package_identification:_identify(ros2-bmp280) by extensions ['ignore', 'ignore_ament_install']
[2.452s] Level 1:colcon.colcon_core.package_identification:_identify(ros2-bmp280) by extension 'ignore'
[2.452s] Level 1:colcon.colcon_core.package_identification:_identify(ros2-bmp280) by extension 'ignore_ament_install'
[2.453s] Level 1:colcon.colcon_core.package_identification:_identify(ros2-bmp280) by extensions ['colcon_pkg']
[2.453s] Level 1:colcon.colcon_core.package_identification:_identify(ros2-bmp280) by extension 'colcon_pkg'
[2.454s] Level 1:colcon.colcon_core.package_identification:_identify(ros2-bmp280) by extensions ['colcon_meta']
[2.454s] Level 1:colcon.colcon_core.package_identification:_identify(ros2-bmp280) by extension 'colcon_meta'
[2.454s] Level 1:colcon.colcon_core.package_identification:_identify(ros2-bmp280) by extensions ['ros']
[2.455s] Level 1:colcon.colcon_core.package_identification:_identify(ros2-bmp280) by extension 'ros'
[2.484s] DEBUG:colcon.colcon_core.package_identification:Package 'ros2-bmp280' with type 'ros.ament_python' and name 'bmp280'
[2.485s] Level 1:colcon.colcon_core.package_identification:_identify(subscriber) by extensions ['ignore', 'ignore_ament_install']
[2.486s] Level 1:colcon.colcon_core.package_identification:_identify(subscriber) by extension 'ignore'
[2.487s] Level 1:colcon.colcon_core.package_identification:_identify(subscriber) by extension 'ignore_ament_install'
[2.487s] Level 1:colcon.colcon_core.package_identification:_identify(subscriber) by extensions ['colcon_pkg']
[2.488s] Level 1:colcon.colcon_core.package_identification:_identify(subscriber) by extension 'colcon_pkg'
[2.488s] Level 1:colcon.colcon_core.package_identification:_identify(subscriber) by extensions ['colcon_meta']
[2.488s] Level 1:colcon.colcon_core.package_identification:_identify(subscriber) by extension 'colcon_meta'
[2.489s] Level 1:colcon.colcon_core.package_identification:_identify(subscriber) by extensions ['ros']
[2.489s] Level 1:colcon.colcon_core.package_identification:_identify(subscriber) by extension 'ros'
[2.495s] DEBUG:colcon.colcon_core.package_identification:Package 'subscriber' with type 'ros.ament_python' and name 'subscriber'
[2.496s] Level 1:colcon.colcon_core.package_discovery:discover_packages(recursive) using defaults
[2.496s] Level 1:colcon.colcon_core.package_discovery:discover_packages(ignore) discover
[2.496s] Level 1:colcon.colcon_core.package_discovery:discover_packages(ignore) using defaults
[2.497s] Level 1:colcon.colcon_core.package_discovery:discover_packages(path) discover
[2.497s] Level 1:colcon.colcon_core.package_discovery:discover_packages(path) using defaults
[2.732s] Level 1:colcon.colcon_core.package_discovery:discover_packages(prefix_path) check parameters
[2.732s] Level 1:colcon.colcon_core.package_discovery:discover_packages(prefix_path) discover
[2.759s] DEBUG:colcon.colcon_installed_package_information.package_discovery:Found 3 installed packages in /home/charl/ros2_ws/src/install
[2.778s] DEBUG:colcon.colcon_installed_package_information.package_discovery:Found 192 installed packages in /opt/ros/jazzy
[2.786s] Level 1:colcon.colcon_core.package_discovery:discover_packages(prefix_path) using defaults
[3.316s] Level 5:colcon.colcon_core.verb:set package 'bmp280' build argument 'cmake_args' from command line to 'None'
[3.316s] Level 5:colcon.colcon_core.verb:set package 'bmp280' build argument 'cmake_target' from command line to 'None'
[3.317s] Level 5:colcon.colcon_core.verb:set package 'bmp280' build argument 'cmake_target_skip_unavailable' from command line to 'False'
[3.317s] Level 5:colcon.colcon_core.verb:set package 'bmp280' build argument 'cmake_clean_cache' from command line to 'False'
[3.317s] Level 5:colcon.colcon_core.verb:set package 'bmp280' build argument 'cmake_clean_first' from command line to 'False'
[3.317s] Level 5:colcon.colcon_core.verb:set package 'bmp280' build argument 'cmake_force_configure' from command line to 'False'
[3.318s] Level 5:colcon.colcon_core.verb:set package 'bmp280' build argument 'ament_cmake_args' from command line to 'None'
[3.318s] Level 5:colcon.colcon_core.verb:set package 'bmp280' build argument 'catkin_cmake_args' from command line to 'None'
[3.318s] Level 5:colcon.colcon_core.verb:set package 'bmp280' build argument 'catkin_skip_building_tests' from command line to 'False'
[3.318s] DEBUG:colcon.colcon_core.verb:Building package 'bmp280' with the following arguments: {'ament_cmake_args': None, 'build_base': '/home/charl/ros2_ws/src/build/bmp280', 'catkin_cmake_args': None, 'catkin_skip_building_tests': False, 'cmake_args': None, 'cmake_clean_cache': False, 'cmake_clean_first': False, 'cmake_force_configure': False, 'cmake_target': None, 'cmake_target_skip_unavailable': False, 'install_base': '/home/charl/ros2_ws/src/install/bmp280', 'merge_install': False, 'path': '/home/charl/ros2_ws/src/ros2-bmp280', 'symlink_install': False, 'test_result_base': None}
[3.322s] Level 5:colcon.colcon_core.verb:set package 'subscriber' build argument 'cmake_args' from command line to 'None'
[3.322s] Level 5:colcon.colcon_core.verb:set package 'subscriber' build argument 'cmake_target' from command line to 'None'
[3.322s] Level 5:colcon.colcon_core.verb:set package 'subscriber' build argument 'cmake_target_skip_unavailable' from command line to 'False'
[3.323s] Level 5:colcon.colcon_core.verb:set package 'subscriber' build argument 'cmake_clean_cache' from command line to 'False'
[3.323s] Level 5:colcon.colcon_core.verb:set package 'subscriber' build argument 'cmake_clean_first' from command line to 'False'
[3.323s] Level 5:colcon.colcon_core.verb:set package 'subscriber' build argument 'cmake_force_configure' from command line to 'False'
[3.323s] Level 5:colcon.colcon_core.verb:set package 'subscriber' build argument 'ament_cmake_args' from command line to 'None'
[3.323s] Level 5:colcon.colcon_core.verb:set package 'subscriber' build argument 'catkin_cmake_args' from command line to 'None'
[3.324s] Level 5:colcon.colcon_core.verb:set package 'subscriber' build argument 'catkin_skip_building_tests' from command line to 'False'
[3.324s] DEBUG:colcon.colcon_core.verb:Building package 'subscriber' with the following arguments: {'ament_cmake_args': None, 'build_base': '/home/charl/ros2_ws/src/build/subscriber', 'catkin_cmake_args': None, 'catkin_skip_building_tests': False, 'cmake_args': None, 'cmake_clean_cache': False, 'cmake_clean_first': False, 'cmake_force_configure': False, 'cmake_target': None, 'cmake_target_skip_unavailable': False, 'install_base': '/home/charl/ros2_ws/src/install/subscriber', 'merge_install': False, 'path': '/home/charl/ros2_ws/src/subscriber', 'symlink_install': False, 'test_result_base': None}
[3.325s] INFO:colcon.colcon_core.executor:Executing jobs using 'parallel' executor
[3.333s] DEBUG:colcon.colcon_parallel_executor.executor.parallel:run_until_complete
[3.335s] INFO:colcon.colcon_ros.task.ament_python.build:Building ROS package in '/home/charl/ros2_ws/src/ros2-bmp280' with build type 'ament_python'
[3.336s] Level 1:colcon.colcon_core.shell:create_environment_hook('bmp280', 'ament_prefix_path')
[3.368s] INFO:colcon.colcon_core.plugin_system:Skipping extension 'colcon_core.shell.bat': Not used on non-Windows systems
[3.370s] INFO:colcon.colcon_core.shell:Creating environment hook '/home/charl/ros2_ws/src/install/bmp280/share/bmp280/hook/ament_prefix_path.ps1'
[3.377s] INFO:colcon.colcon_core.shell:Creating environment descriptor '/home/charl/ros2_ws/src/install/bmp280/share/bmp280/hook/ament_prefix_path.dsv'
[3.381s] INFO:colcon.colcon_core.shell:Creating environment hook '/home/charl/ros2_ws/src/install/bmp280/share/bmp280/hook/ament_prefix_path.sh'
[3.388s] INFO:colcon.colcon_core.shell:Skip shell extension 'powershell' for command environment: Not usable outside of PowerShell
[3.388s] DEBUG:colcon.colcon_core.shell:Skip shell extension 'dsv' for command environment
[3.426s] INFO:colcon.colcon_ros.task.ament_python.build:Building ROS package in '/home/charl/ros2_ws/src/subscriber' with build type 'ament_python'
[3.428s] Level 1:colcon.colcon_core.shell:create_environment_hook('subscriber', 'ament_prefix_path')
[3.431s] INFO:colcon.colcon_core.shell:Creating environment hook '/home/charl/ros2_ws/src/install/subscriber/share/subscriber/hook/ament_prefix_path.ps1'
[3.436s] INFO:colcon.colcon_core.shell:Creating environment descriptor '/home/charl/ros2_ws/src/install/subscriber/share/subscriber/hook/ament_prefix_path.dsv'
[3.441s] INFO:colcon.colcon_core.shell:Creating environment hook '/home/charl/ros2_ws/src/install/subscriber/share/subscriber/hook/ament_prefix_path.sh'
[3.446s] INFO:colcon.colcon_core.shell:Skip shell extension 'powershell' for command environment: Not usable outside of PowerShell
[3.447s] DEBUG:colcon.colcon_core.shell:Skip shell extension 'dsv' for command environment
[6.159s] INFO:colcon.colcon_core.task.python.build:Building Python package in '/home/charl/ros2_ws/src/ros2-bmp280'
[6.161s] INFO:colcon.colcon_core.shell:Skip shell extension 'powershell' for command environment: Not usable outside of PowerShell
[6.161s] DEBUG:colcon.colcon_core.shell:Skip shell extension 'dsv' for command environment
[8.513s] INFO:colcon.colcon_core.task.python.build:Building Python package in '/home/charl/ros2_ws/src/subscriber'
[8.515s] INFO:colcon.colcon_core.shell:Skip shell extension 'powershell' for command environment: Not usable outside of PowerShell
[8.515s] DEBUG:colcon.colcon_core.shell:Skip shell extension 'dsv' for command environment
[18.281s] DEBUG:colcon.colcon_core.event_handler.log_command:Invoking command in '/home/charl/ros2_ws/src/ros2-bmp280': PYTHONPATH=/home/charl/ros2_ws/src/build/bmp280/prefix_override:/usr/lib/python3/dist-packages/colcon_core/task/python/colcon_distutils_commands:/home/charl/ros2_ws/src/install/bmp280/lib/python3.12/site-packages:${PYTHONPATH} /usr/bin/python3 -W ignore:setup.py install is deprecated -W ignore:easy_install command is deprecated setup.py egg_info --egg-base ../build/bmp280 build --build-base /home/charl/ros2_ws/src/build/bmp280/build install --record /home/charl/ros2_ws/src/build/bmp280/install.log --single-version-externally-managed install_data
[18.358s] DEBUG:colcon.colcon_core.event_handler.log_command:Invoking command in '/home/charl/ros2_ws/src/subscriber': PYTHONPATH=/home/charl/ros2_ws/src/build/subscriber/prefix_override:/usr/lib/python3/dist-packages/colcon_core/task/python/colcon_distutils_commands:/home/charl/ros2_ws/src/install/subscriber/lib/python3.12/site-packages:${PYTHONPATH} /usr/bin/python3 -W ignore:setup.py install is deprecated -W ignore:easy_install command is deprecated setup.py egg_info --egg-base ../build/subscriber build --build-base /home/charl/ros2_ws/src/build/subscriber/build install --record /home/charl/ros2_ws/src/build/subscriber/install.log --single-version-externally-managed install_data
[26.104s] DEBUG:colcon.colcon_core.event_handler.log_command:Invoked command in '/home/charl/ros2_ws/src/subscriber' returned '0': PYTHONPATH=/home/charl/ros2_ws/src/build/subscriber/prefix_override:/usr/lib/python3/dist-packages/colcon_core/task/python/colcon_distutils_commands:/home/charl/ros2_ws/src/install/subscriber/lib/python3.12/site-packages:${PYTHONPATH} /usr/bin/python3 -W ignore:setup.py install is deprecated -W ignore:easy_install command is deprecated setup.py egg_info --egg-base ../build/subscriber build --build-base /home/charl/ros2_ws/src/build/subscriber/build install --record /home/charl/ros2_ws/src/build/subscriber/install.log --single-version-externally-managed install_data
[26.177s] Level 1:colcon.colcon_core.environment:checking '/home/charl/ros2_ws/src/install/subscriber' for CMake module files
[26.184s] Level 1:colcon.colcon_core.environment:checking '/home/charl/ros2_ws/src/install/subscriber' for CMake config files
[26.197s] Level 1:colcon.colcon_core.environment:checking '/home/charl/ros2_ws/src/install/subscriber/lib'
[26.199s] Level 1:colcon.colcon_core.environment:checking '/home/charl/ros2_ws/src/install/subscriber/bin'
[26.200s] Level 1:colcon.colcon_core.environment:checking '/home/charl/ros2_ws/src/install/subscriber/lib/pkgconfig/subscriber.pc'
[26.203s] Level 1:colcon.colcon_core.environment:checking '/home/charl/ros2_ws/src/install/subscriber/lib/python3.12/site-packages'
[26.204s] Level 1:colcon.colcon_core.shell:create_environment_hook('subscriber', 'pythonpath')
[26.206s] INFO:colcon.colcon_core.shell:Creating environment hook '/home/charl/ros2_ws/src/install/subscriber/share/subscriber/hook/pythonpath.ps1'
[26.213s] INFO:colcon.colcon_core.shell:Creating environment descriptor '/home/charl/ros2_ws/src/install/subscriber/share/subscriber/hook/pythonpath.dsv'
[26.220s] INFO:colcon.colcon_core.shell:Creating environment hook '/home/charl/ros2_ws/src/install/subscriber/share/subscriber/hook/pythonpath.sh'
[26.227s] Level 1:colcon.colcon_core.environment:checking '/home/charl/ros2_ws/src/install/subscriber/bin'
[26.228s] Level 1:colcon.colcon_core.environment:create_environment_scripts_only(subscriber)
[26.230s] INFO:colcon.colcon_core.shell:Creating package script '/home/charl/ros2_ws/src/install/subscriber/share/subscriber/package.ps1'
[26.239s] INFO:colcon.colcon_core.shell:Creating package descriptor '/home/charl/ros2_ws/src/install/subscriber/share/subscriber/package.dsv'
[26.246s] INFO:colcon.colcon_core.shell:Creating package script '/home/charl/ros2_ws/src/install/subscriber/share/subscriber/package.sh'
[26.253s] INFO:colcon.colcon_core.shell:Creating package script '/home/charl/ros2_ws/src/install/subscriber/share/subscriber/package.bash'
[26.263s] INFO:colcon.colcon_core.shell:Creating package script '/home/charl/ros2_ws/src/install/subscriber/share/subscriber/package.zsh'
[26.273s] Level 1:colcon.colcon_core.environment:create_file_with_runtime_dependencies(/home/charl/ros2_ws/src/install/subscriber/share/colcon-core/packages/subscriber)
[26.283s] Level 1:colcon.colcon_core.environment:checking '/home/charl/ros2_ws/src/install/bmp280' for CMake module files
[26.289s] DEBUG:colcon.colcon_core.event_handler.log_command:Invoked command in '/home/charl/ros2_ws/src/ros2-bmp280' returned '0': PYTHONPATH=/home/charl/ros2_ws/src/build/bmp280/prefix_override:/usr/lib/python3/dist-packages/colcon_core/task/python/colcon_distutils_commands:/home/charl/ros2_ws/src/install/bmp280/lib/python3.12/site-packages:${PYTHONPATH} /usr/bin/python3 -W ignore:setup.py install is deprecated -W ignore:easy_install command is deprecated setup.py egg_info --egg-base ../build/bmp280 build --build-base /home/charl/ros2_ws/src/build/bmp280/build install --record /home/charl/ros2_ws/src/build/bmp280/install.log --single-version-externally-managed install_data
[26.294s] Level 1:colcon.colcon_core.environment:checking '/home/charl/ros2_ws/src/install/bmp280' for CMake config files
[26.306s] Level 1:colcon.colcon_core.environment:checking '/home/charl/ros2_ws/src/install/bmp280/lib'
[26.308s] Level 1:colcon.colcon_core.environment:checking '/home/charl/ros2_ws/src/install/bmp280/bin'
[26.308s] Level 1:colcon.colcon_core.environment:checking '/home/charl/ros2_ws/src/install/bmp280/lib/pkgconfig/bmp280.pc'
[26.311s] Level 1:colcon.colcon_core.environment:checking '/home/charl/ros2_ws/src/install/bmp280/lib/python3.12/site-packages'
[26.313s] Level 1:colcon.colcon_core.shell:create_environment_hook('bmp280', 'pythonpath')
[26.315s] INFO:colcon.colcon_core.shell:Creating environment hook '/home/charl/ros2_ws/src/install/bmp280/share/bmp280/hook/pythonpath.ps1'
[26.319s] INFO:colcon.colcon_core.shell:Creating environment descriptor '/home/charl/ros2_ws/src/install/bmp280/share/bmp280/hook/pythonpath.dsv'
[26.323s] INFO:colcon.colcon_core.shell:Creating environment hook '/home/charl/ros2_ws/src/install/bmp280/share/bmp280/hook/pythonpath.sh'
[26.329s] Level 1:colcon.colcon_core.environment:checking '/home/charl/ros2_ws/src/install/bmp280/bin'
[26.330s] Level 1:colcon.colcon_core.environment:create_environment_scripts_only(bmp280)
[26.332s] INFO:colcon.colcon_core.shell:Creating package script '/home/charl/ros2_ws/src/install/bmp280/share/bmp280/package.ps1'
[26.338s] INFO:colcon.colcon_core.shell:Creating package descriptor '/home/charl/ros2_ws/src/install/bmp280/share/bmp280/package.dsv'
[26.343s] INFO:colcon.colcon_core.shell:Creating package script '/home/charl/ros2_ws/src/install/bmp280/share/bmp280/package.sh'
[26.347s] INFO:colcon.colcon_core.shell:Creating package script '/home/charl/ros2_ws/src/install/bmp280/share/bmp280/package.bash'
[26.351s] INFO:colcon.colcon_core.shell:Creating package script '/home/charl/ros2_ws/src/install/bmp280/share/bmp280/package.zsh'
[26.354s] Level 1:colcon.colcon_core.environment:create_file_with_runtime_dependencies(/home/charl/ros2_ws/src/install/bmp280/share/colcon-core/packages/bmp280)
[26.357s] DEBUG:colcon.colcon_parallel_executor.executor.parallel:closing loop
[26.361s] DEBUG:colcon.colcon_parallel_executor.executor.parallel:loop closed
[26.362s] DEBUG:colcon.colcon_parallel_executor.executor.parallel:run_until_complete finished with '0'
[26.363s] DEBUG:colcon.colcon_core.event_reactor:joining thread
[26.578s] INFO:colcon.colcon_core.plugin_system:Skipping extension 'colcon_notification.desktop_notification.notify_send': Could not find 'notify-send'
[26.579s] INFO:colcon.colcon_core.plugin_system:Skipping extension 'colcon_notification.desktop_notification.terminal_notifier': Not used on non-Darwin systems
[26.580s] INFO:colcon.colcon_core.plugin_system:Skipping extension 'colcon_notification.desktop_notification.win32': Not used on non-Windows systems
[26.581s] INFO:colcon.colcon_notification.desktop_notification:Sending desktop notification using 'notify2'
[26.608s] DEBUG:colcon.colcon_notification.desktop_notification.notify2:Failed to initialize notify2: org.freedesktop.DBus.Error.ServiceUnknown: The name org.freedesktop.Notifications was not provided by any .service files
[26.609s] DEBUG:colcon.colcon_core.event_reactor:joined thread
[26.611s] INFO:colcon.colcon_core.shell:Creating prefix script '/home/charl/ros2_ws/src/install/local_setup.ps1'
[26.624s] INFO:colcon.colcon_core.shell:Creating prefix util module '/home/charl/ros2_ws/src/install/_local_setup_util_ps1.py'
[26.638s] INFO:colcon.colcon_core.shell:Creating prefix chain script '/home/charl/ros2_ws/src/install/setup.ps1'
[26.649s] INFO:colcon.colcon_core.shell:Creating prefix script '/home/charl/ros2_ws/src/install/local_setup.sh'
[26.655s] INFO:colcon.colcon_core.shell:Creating prefix util module '/home/charl/ros2_ws/src/install/_local_setup_util_sh.py'
[26.661s] INFO:colcon.colcon_core.shell:Creating prefix chain script '/home/charl/ros2_ws/src/install/setup.sh'
[26.673s] INFO:colcon.colcon_core.shell:Creating prefix script '/home/charl/ros2_ws/src/install/local_setup.bash'
[26.679s] INFO:colcon.colcon_core.shell:Creating prefix chain script '/home/charl/ros2_ws/src/install/setup.bash'
[26.689s] INFO:colcon.colcon_core.shell:Creating prefix script '/home/charl/ros2_ws/src/install/local_setup.zsh'
[26.695s] INFO:colcon.colcon_core.shell:Creating prefix chain script '/home/charl/ros2_ws/src/install/setup.zsh'
